2025-03-15 21:08:55,806 INFO o.a.j.u.JMeterUtils: Setting Locale to en_EN
2025-03-15 21:08:55,820 INFO o.a.j.JMeter: Loading user properties from: user.properties
2025-03-15 21:08:55,820 INFO o.a.j.JMeter: Loading system properties from: system.properties
2025-03-15 21:08:55,828 INFO o.a.j.JMeter: Copyright (c) 1998-2024 The Apache Software Foundation
2025-03-15 21:08:55,828 INFO o.a.j.JMeter: Version 5.6.3
2025-03-15 21:08:55,828 INFO o.a.j.JMeter: java.version=1.8.0_441
2025-03-15 21:08:55,828 INFO o.a.j.JMeter: java.vm.name=Java HotSpot(TM) 64-Bit Server VM
2025-03-15 21:08:55,828 INFO o.a.j.JMeter: os.name=Windows 11
2025-03-15 21:08:55,828 INFO o.a.j.JMeter: os.arch=amd64
2025-03-15 21:08:55,828 INFO o.a.j.JMeter: os.version=10.0
2025-03-15 21:08:55,828 INFO o.a.j.JMeter: file.encoding=Cp1252
2025-03-15 21:08:55,828 INFO o.a.j.JMeter: java.awt.headless=null
2025-03-15 21:08:55,828 INFO o.a.j.JMeter: Max memory     =1073741824
2025-03-15 21:08:55,828 INFO o.a.j.JMeter: Available Processors =8
2025-03-15 21:08:55,828 INFO o.a.j.JMeter: Default Locale=English (EN)
2025-03-15 21:08:55,828 INFO o.a.j.JMeter: JMeter  Locale=English (EN)
2025-03-15 21:08:55,828 INFO o.a.j.JMeter: JMeterHome=C:\Users\esme_\Documents\Prueba tecnica Banco Bogota\apache-jmeter-5.6.3
2025-03-15 21:08:55,828 INFO o.a.j.JMeter: user.dir  =C:\Users\esme_\Documents\Prueba tecnica Banco Bogota\apache-jmeter-5.6.3\bin
2025-03-15 21:08:55,834 INFO o.a.j.JMeter: PWD       =C:\Users\esme_\Documents\Prueba tecnica Banco Bogota\apache-jmeter-5.6.3\bin
2025-03-15 21:08:55,834 INFO o.a.j.JMeter: IP: 192.168.76.151 Name: MENGLenovo FullName: MENGLenovo
2025-03-15 21:08:55,855 INFO o.a.j.JMeter: Loaded icon properties from org/apache/jmeter/images/icon.properties
2025-03-15 21:08:56,083 INFO o.a.j.JMeterGuiLauncher: Setting LAF to: laf:javax.swing.plaf.nimbus.NimbusLookAndFeel
2025-03-15 21:09:50,305 INFO o.a.j.e.u.CompoundVariable: Note: Function class names must contain the string: '.functions.'
2025-03-15 21:09:50,305 INFO o.a.j.e.u.CompoundVariable: Note: Function class names must not contain the string: '.gui.'
2025-03-15 21:15:18,494 INFO o.a.j.s.FileServer: Default base='C:\Users\esme_\Documents\Prueba tecnica Banco Bogota\apache-jmeter-5.6.3\bin'
2025-03-15 21:15:18,501 INFO o.a.j.g.a.Load: Loading file: C:\Users\esme_\Documents\Prueba tecnica Banco Bogota\apache-jmeter-5.6.3\bin\Test Plan de Prueba.jmx
2025-03-15 21:15:18,501 INFO o.a.j.s.FileServer: Set new base='C:\Users\esme_\Documents\Prueba tecnica Banco Bogota\apache-jmeter-5.6.3\bin'
2025-03-15 21:15:18,666 INFO o.a.j.s.SaveService: Testplan (JMX) version: 2.2. Testlog (JTL) version: 2.2
2025-03-15 21:15:18,694 INFO o.a.j.s.SaveService: Using SaveService properties file encoding UTF-8
2025-03-15 21:15:18,697 INFO o.a.j.s.SaveService: Using SaveService properties version 5.0
2025-03-15 21:15:18,699 INFO o.a.j.s.SaveService: Loading file: C:\Users\esme_\Documents\Prueba tecnica Banco Bogota\apache-jmeter-5.6.3\bin\Test Plan de Prueba.jmx
2025-03-15 21:15:18,728 INFO o.a.j.p.h.s.HTTPSamplerBase: Parser for text/html is org.apache.jmeter.protocol.http.parser.LagartoBasedHtmlParser
2025-03-15 21:15:18,728 INFO o.a.j.p.h.s.HTTPSamplerBase: Parser for application/xhtml+xml is org.apache.jmeter.protocol.http.parser.LagartoBasedHtmlParser
2025-03-15 21:15:18,728 INFO o.a.j.p.h.s.HTTPSamplerBase: Parser for application/xml is org.apache.jmeter.protocol.http.parser.LagartoBasedHtmlParser
2025-03-15 21:15:18,728 INFO o.a.j.p.h.s.HTTPSamplerBase: Parser for text/xml is org.apache.jmeter.protocol.http.parser.LagartoBasedHtmlParser
2025-03-15 21:15:18,730 INFO o.a.j.p.h.s.HTTPSamplerBase: Parser for text/vnd.wap.wml is org.apache.jmeter.protocol.http.parser.RegexpHTMLParser
2025-03-15 21:15:18,730 INFO o.a.j.p.h.s.HTTPSamplerBase: Parser for text/css is org.apache.jmeter.protocol.http.parser.CssParser
2025-03-15 21:15:18,904 INFO o.a.j.s.SampleResult: Note: Sample TimeStamps are START times
2025-03-15 21:15:18,913 INFO o.a.j.s.SampleResult: sampleresult.default.encoding is set to UTF-8
2025-03-15 21:15:18,913 INFO o.a.j.s.SampleResult: sampleresult.useNanoTime=true
2025-03-15 21:15:18,913 INFO o.a.j.s.SampleResult: sampleresult.nanoThreadSleep=5000
2025-03-15 21:15:19,264 INFO o.a.j.s.FileServer: Set new base='C:\Users\esme_\Documents\Prueba tecnica Banco Bogota\apache-jmeter-5.6.3\bin'
2025-03-15 21:15:53,336 INFO o.a.j.e.KeyToolUtils: keytool found at 'keytool'
2025-03-15 21:15:53,337 INFO o.a.j.p.h.p.ProxyControl: HTTP(S) Test Script Recorder SSL Proxy will use keys that support embedded 3rd party resources in file C:\Users\esme_\Documents\Prueba tecnica Banco Bogota\apache-jmeter-5.6.3\bin\proxyserver.jks
2025-03-15 21:40:41,612 INFO o.a.j.e.StandardJMeterEngine: Running the test!
2025-03-15 21:40:41,615 INFO o.a.j.s.SampleEvent: List of sample_variables: []
2025-03-15 21:40:41,615 INFO o.a.j.s.SampleEvent: List of sample_variables: []
2025-03-15 21:40:41,615 INFO o.a.j.g.u.JMeterMenuBar: setRunning(true, *local*)
2025-03-15 21:40:41,872 INFO o.a.j.e.StandardJMeterEngine: Starting ThreadGroup: 1 : Thread Group
2025-03-15 21:40:41,872 INFO o.a.j.e.StandardJMeterEngine: Starting 1 threads for group Thread Group.
2025-03-15 21:40:41,872 INFO o.a.j.e.StandardJMeterEngine: Thread will continue on error
2025-03-15 21:40:41,876 INFO o.a.j.t.ThreadGroup: Starting thread group... number=1 threads=1 ramp-up=1 delayedStart=false
2025-03-15 21:40:41,880 INFO o.a.j.t.ThreadGroup: Started thread group number 1
2025-03-15 21:40:41,880 INFO o.a.j.e.StandardJMeterEngine: Starting ThreadGroup: 2 : Thread Group
2025-03-15 21:40:41,884 INFO o.a.j.e.StandardJMeterEngine: Starting 1 threads for group Thread Group.
2025-03-15 21:40:41,884 INFO o.a.j.e.StandardJMeterEngine: Thread will continue on error
2025-03-15 21:40:41,884 INFO o.a.j.t.ThreadGroup: Starting thread group... number=2 threads=1 ramp-up=10 delayedStart=false
2025-03-15 21:40:41,884 INFO o.a.j.t.ThreadGroup: Started thread group number 2
2025-03-15 21:40:41,884 INFO o.a.j.t.JMeterThread: Thread started: Thread Group 1-1
2025-03-15 21:40:41,884 INFO o.a.j.e.StandardJMeterEngine: All thread groups have been started
2025-03-15 21:40:41,889 INFO o.a.j.t.JMeterThread: Thread started: Thread Group 2-1
2025-03-15 21:40:41,929 INFO o.a.j.p.h.s.HTTPHCAbstractImpl: Local host = MENGLenovo
2025-03-15 21:40:41,941 INFO o.a.j.p.h.s.HTTPHC4Impl: HTTP request retry count = 0
2025-03-15 21:40:42,228 INFO o.a.j.p.h.s.h.LazyLayeredConnectionSocketFactory: Setting up HTTPS TrustAll Socket Factory
2025-03-15 21:40:42,240 INFO o.a.j.u.JsseSSLManager: Using default SSL protocol: TLS
2025-03-15 21:40:42,240 INFO o.a.j.u.JsseSSLManager: SSL session context: per-thread
2025-03-15 21:40:42,879 INFO o.a.j.u.SSLManager: JmeterKeyStore Location:  type JKS
2025-03-15 21:40:42,879 INFO o.a.j.u.SSLManager: KeyStore created OK
2025-03-15 21:40:42,879 WARN o.a.j.u.SSLManager: Keystore file not found, loading empty keystore
2025-03-15 21:40:43,991 INFO o.a.j.t.JMeterThread: Thread is done: Thread Group 2-1
2025-03-15 21:40:43,991 INFO o.a.j.t.JMeterThread: Thread finished: Thread Group 2-1
2025-03-15 21:40:43,991 INFO o.a.j.t.JMeterThread: Thread is done: Thread Group 1-1
2025-03-15 21:40:43,991 INFO o.a.j.t.JMeterThread: Thread finished: Thread Group 1-1
2025-03-15 21:40:43,995 INFO o.a.j.e.StandardJMeterEngine: Notifying test listeners of end of test
2025-03-15 21:40:43,995 INFO o.a.j.g.u.JMeterMenuBar: setRunning(false, *local*)
2025-03-15 21:42:11,997 INFO o.a.j.e.StandardJMeterEngine: Running the test!
2025-03-15 21:42:11,997 INFO o.a.j.s.SampleEvent: List of sample_variables: []
2025-03-15 21:42:11,997 INFO o.a.j.g.u.JMeterMenuBar: setRunning(true, *local*)
2025-03-15 21:42:12,177 INFO o.a.j.e.StandardJMeterEngine: Starting ThreadGroup: 1 : Thread Group
2025-03-15 21:42:12,177 INFO o.a.j.e.StandardJMeterEngine: Starting 2 threads for group Thread Group.
2025-03-15 21:42:12,177 INFO o.a.j.e.StandardJMeterEngine: Thread will continue on error
2025-03-15 21:42:12,177 INFO o.a.j.t.ThreadGroup: Starting thread group... number=1 threads=2 ramp-up=1 delayedStart=false
2025-03-15 21:42:12,193 INFO o.a.j.t.ThreadGroup: Started thread group number 1
2025-03-15 21:42:12,193 INFO o.a.j.e.StandardJMeterEngine: Starting ThreadGroup: 2 : Thread Group
2025-03-15 21:42:12,193 INFO o.a.j.e.StandardJMeterEngine: Starting 1 threads for group Thread Group.
2025-03-15 21:42:12,193 INFO o.a.j.e.StandardJMeterEngine: Thread will continue on error
2025-03-15 21:42:12,195 INFO o.a.j.t.ThreadGroup: Starting thread group... number=2 threads=1 ramp-up=10 delayedStart=false
2025-03-15 21:42:12,198 INFO o.a.j.t.ThreadGroup: Started thread group number 2
2025-03-15 21:42:12,198 INFO o.a.j.e.StandardJMeterEngine: All thread groups have been started
2025-03-15 21:42:12,200 INFO o.a.j.t.JMeterThread: Thread started: Thread Group 2-1
2025-03-15 21:42:12,201 INFO o.a.j.t.JMeterThread: Thread started: Thread Group 1-1
2025-03-15 21:42:12,685 INFO o.a.j.t.JMeterThread: Thread started: Thread Group 1-2
2025-03-15 21:42:12,956 INFO o.a.j.t.JMeterThread: Thread is done: Thread Group 2-1
2025-03-15 21:42:12,958 INFO o.a.j.t.JMeterThread: Thread finished: Thread Group 2-1
2025-03-15 21:42:12,958 INFO o.a.j.t.JMeterThread: Thread is done: Thread Group 1-1
2025-03-15 21:42:12,958 INFO o.a.j.t.JMeterThread: Thread finished: Thread Group 1-1
2025-03-15 21:42:13,275 INFO o.a.j.t.JMeterThread: Thread is done: Thread Group 1-2
2025-03-15 21:42:13,275 INFO o.a.j.t.JMeterThread: Thread finished: Thread Group 1-2
2025-03-15 21:42:13,275 INFO o.a.j.e.StandardJMeterEngine: Notifying test listeners of end of test
2025-03-15 21:42:13,275 INFO o.a.j.g.u.JMeterMenuBar: setRunning(false, *local*)
2025-03-15 21:48:58,477 INFO o.a.j.e.StandardJMeterEngine: Running the test!
2025-03-15 21:48:58,477 INFO o.a.j.s.SampleEvent: List of sample_variables: []
2025-03-15 21:48:58,477 INFO o.a.j.g.u.JMeterMenuBar: setRunning(true, *local*)
2025-03-15 21:48:58,650 INFO o.a.j.e.StandardJMeterEngine: Starting ThreadGroup: 1 : Thread Group
2025-03-15 21:48:58,650 INFO o.a.j.e.StandardJMeterEngine: Starting 2 threads for group Thread Group.
2025-03-15 21:48:58,650 INFO o.a.j.e.StandardJMeterEngine: Thread will continue on error
2025-03-15 21:48:58,650 INFO o.a.j.t.ThreadGroup: Starting thread group... number=1 threads=2 ramp-up=1 delayedStart=false
2025-03-15 21:48:58,651 INFO o.a.j.t.ThreadGroup: Started thread group number 1
2025-03-15 21:48:58,651 INFO o.a.j.e.StandardJMeterEngine: Starting ThreadGroup: 2 : Thread Group
2025-03-15 21:48:58,651 INFO o.a.j.e.StandardJMeterEngine: Starting 1 threads for group Thread Group.
2025-03-15 21:48:58,651 INFO o.a.j.e.StandardJMeterEngine: Thread will continue on error
2025-03-15 21:48:58,651 INFO o.a.j.t.ThreadGroup: Starting thread group... number=2 threads=1 ramp-up=10 delayedStart=false
2025-03-15 21:48:58,653 INFO o.a.j.t.ThreadGroup: Started thread group number 2
2025-03-15 21:48:58,653 INFO o.a.j.e.StandardJMeterEngine: All thread groups have been started
2025-03-15 21:48:58,653 INFO o.a.j.t.JMeterThread: Thread started: Thread Group 2-1
2025-03-15 21:48:58,653 INFO o.a.j.t.JMeterThread: Thread started: Thread Group 1-1
2025-03-15 21:48:59,158 INFO o.a.j.t.JMeterThread: Thread started: Thread Group 1-2
2025-03-15 21:48:59,529 INFO o.a.j.t.JMeterThread: Thread is done: Thread Group 2-1
2025-03-15 21:48:59,529 INFO o.a.j.t.JMeterThread: Thread finished: Thread Group 2-1
2025-03-15 21:48:59,537 INFO o.a.j.t.JMeterThread: Thread is done: Thread Group 1-1
2025-03-15 21:48:59,537 INFO o.a.j.t.JMeterThread: Thread finished: Thread Group 1-1
2025-03-15 21:49:00,090 INFO o.a.j.t.JMeterThread: Thread is done: Thread Group 1-2
2025-03-15 21:49:00,091 INFO o.a.j.t.JMeterThread: Thread finished: Thread Group 1-2
2025-03-15 21:49:00,095 INFO o.a.j.e.StandardJMeterEngine: Notifying test listeners of end of test
2025-03-15 21:49:00,095 INFO o.a.j.g.u.JMeterMenuBar: setRunning(false, *local*)
2025-03-15 21:49:15,183 INFO o.a.j.e.StandardJMeterEngine: Running the test!
2025-03-15 21:49:15,183 INFO o.a.j.s.SampleEvent: List of sample_variables: []
2025-03-15 21:49:15,191 INFO o.a.j.g.u.JMeterMenuBar: setRunning(true, *local*)
2025-03-15 21:49:15,313 INFO o.a.j.e.StandardJMeterEngine: Starting ThreadGroup: 1 : Thread Group
2025-03-15 21:49:15,315 INFO o.a.j.e.StandardJMeterEngine: Starting 2 threads for group Thread Group.
2025-03-15 21:49:15,317 INFO o.a.j.e.StandardJMeterEngine: Thread will continue on error
2025-03-15 21:49:15,318 INFO o.a.j.t.ThreadGroup: Starting thread group... number=1 threads=2 ramp-up=1 delayedStart=false
2025-03-15 21:49:15,320 INFO o.a.j.t.ThreadGroup: Started thread group number 1
2025-03-15 21:49:15,320 INFO o.a.j.e.StandardJMeterEngine: Starting ThreadGroup: 2 : Thread Group
2025-03-15 21:49:15,320 INFO o.a.j.e.StandardJMeterEngine: Starting 1 threads for group Thread Group.
2025-03-15 21:49:15,320 INFO o.a.j.e.StandardJMeterEngine: Thread will continue on error
2025-03-15 21:49:15,320 INFO o.a.j.t.ThreadGroup: Starting thread group... number=2 threads=1 ramp-up=10 delayedStart=false
2025-03-15 21:49:15,321 INFO o.a.j.t.ThreadGroup: Started thread group number 2
2025-03-15 21:49:15,321 INFO o.a.j.e.StandardJMeterEngine: All thread groups have been started
2025-03-15 21:49:15,351 INFO o.a.j.t.JMeterThread: Thread started: Thread Group 1-1
2025-03-15 21:49:15,353 INFO o.a.j.t.JMeterThread: Thread started: Thread Group 2-1
2025-03-15 21:49:15,853 INFO o.a.j.t.JMeterThread: Thread started: Thread Group 1-2
2025-03-15 21:49:16,180 INFO o.a.j.t.JMeterThread: Thread is done: Thread Group 1-1
2025-03-15 21:49:16,180 INFO o.a.j.t.JMeterThread: Thread finished: Thread Group 1-1
2025-03-15 21:49:16,181 INFO o.a.j.t.JMeterThread: Thread is done: Thread Group 2-1
2025-03-15 21:49:16,181 INFO o.a.j.t.JMeterThread: Thread finished: Thread Group 2-1
2025-03-15 21:49:16,785 INFO o.a.j.t.JMeterThread: Thread is done: Thread Group 1-2
2025-03-15 21:49:16,785 INFO o.a.j.t.JMeterThread: Thread finished: Thread Group 1-2
2025-03-15 21:49:16,787 INFO o.a.j.e.StandardJMeterEngine: Notifying test listeners of end of test
2025-03-15 21:49:16,787 INFO o.a.j.g.u.JMeterMenuBar: setRunning(false, *local*)
2025-03-15 21:49:56,904 INFO o.a.j.e.StandardJMeterEngine: Running the test!
2025-03-15 21:49:56,904 INFO o.a.j.s.SampleEvent: List of sample_variables: []
2025-03-15 21:49:56,906 INFO o.a.j.g.u.JMeterMenuBar: setRunning(true, *local*)
2025-03-15 21:49:57,017 INFO o.a.j.e.StandardJMeterEngine: Starting ThreadGroup: 1 : Thread Group
2025-03-15 21:49:57,017 INFO o.a.j.e.StandardJMeterEngine: Starting 2 threads for group Thread Group.
2025-03-15 21:49:57,019 INFO o.a.j.e.StandardJMeterEngine: Thread will continue on error
2025-03-15 21:49:57,019 INFO o.a.j.t.ThreadGroup: Starting thread group... number=1 threads=2 ramp-up=1 delayedStart=false
2025-03-15 21:49:57,019 INFO o.a.j.t.ThreadGroup: Started thread group number 1
2025-03-15 21:49:57,019 INFO o.a.j.e.StandardJMeterEngine: Starting ThreadGroup: 2 : Thread Group
2025-03-15 21:49:57,019 INFO o.a.j.e.StandardJMeterEngine: Starting 1 threads for group Thread Group.
2025-03-15 21:49:57,019 INFO o.a.j.e.StandardJMeterEngine: Thread will continue on error
2025-03-15 21:49:57,019 INFO o.a.j.t.ThreadGroup: Starting thread group... number=2 threads=1 ramp-up=10 delayedStart=false
2025-03-15 21:49:57,019 INFO o.a.j.t.ThreadGroup: Started thread group number 2
2025-03-15 21:49:57,021 INFO o.a.j.e.StandardJMeterEngine: All thread groups have been started
2025-03-15 21:49:57,019 INFO o.a.j.t.JMeterThread: Thread started: Thread Group 1-1
2025-03-15 21:49:57,025 INFO o.a.j.t.JMeterThread: Thread started: Thread Group 2-1
2025-03-15 21:49:57,532 INFO o.a.j.t.JMeterThread: Thread started: Thread Group 1-2
2025-03-15 21:49:57,944 INFO o.a.j.t.JMeterThread: Thread is done: Thread Group 2-1
2025-03-15 21:49:57,944 INFO o.a.j.t.JMeterThread: Thread finished: Thread Group 2-1
2025-03-15 21:49:58,271 INFO o.a.j.t.JMeterThread: Thread is done: Thread Group 1-1
2025-03-15 21:49:58,271 INFO o.a.j.t.JMeterThread: Thread finished: Thread Group 1-1
2025-03-15 21:49:58,863 INFO o.a.j.t.JMeterThread: Thread is done: Thread Group 1-2
2025-03-15 21:49:58,863 INFO o.a.j.t.JMeterThread: Thread finished: Thread Group 1-2
2025-03-15 21:49:58,869 INFO o.a.j.e.StandardJMeterEngine: Notifying test listeners of end of test
2025-03-15 21:49:58,869 INFO o.a.j.g.u.JMeterMenuBar: setRunning(false, *local*)
2025-03-17 08:47:27,836 INFO o.a.j.e.StandardJMeterEngine: Running the test!
2025-03-17 08:47:27,843 INFO o.a.j.s.SampleEvent: List of sample_variables: []
2025-03-17 08:47:27,843 INFO o.a.j.g.u.JMeterMenuBar: setRunning(true, *local*)
2025-03-17 08:47:28,284 INFO o.a.j.e.StandardJMeterEngine: Starting ThreadGroup: 1 : Thread Group
2025-03-17 08:47:28,284 INFO o.a.j.e.StandardJMeterEngine: Starting 1 threads for group Thread Group.
2025-03-17 08:47:28,284 INFO o.a.j.e.StandardJMeterEngine: Thread will continue on error
2025-03-17 08:47:28,284 INFO o.a.j.t.ThreadGroup: Starting thread group... number=1 threads=1 ramp-up=1 delayedStart=false
2025-03-17 08:47:28,284 INFO o.a.j.t.ThreadGroup: Started thread group number 1
2025-03-17 08:47:28,284 INFO o.a.j.e.StandardJMeterEngine: Starting ThreadGroup: 2 : Thread Group
2025-03-17 08:47:28,286 INFO o.a.j.e.StandardJMeterEngine: Starting 1 threads for group Thread Group.
2025-03-17 08:47:28,286 INFO o.a.j.e.StandardJMeterEngine: Thread will continue on error
2025-03-17 08:47:28,286 INFO o.a.j.t.ThreadGroup: Starting thread group... number=2 threads=1 ramp-up=10 delayedStart=false
2025-03-17 08:47:28,286 INFO o.a.j.t.ThreadGroup: Started thread group number 2
2025-03-17 08:47:28,286 INFO o.a.j.e.StandardJMeterEngine: All thread groups have been started
2025-03-17 08:47:28,287 INFO o.a.j.t.JMeterThread: Thread started: Thread Group 2-1
2025-03-17 08:47:28,287 INFO o.a.j.t.JMeterThread: Thread started: Thread Group 1-1
2025-03-17 08:47:29,086 INFO o.a.j.t.JMeterThread: Thread is done: Thread Group 2-1
2025-03-17 08:47:29,090 INFO o.a.j.t.JMeterThread: Thread finished: Thread Group 2-1
2025-03-17 08:47:30,314 INFO o.a.j.t.JMeterThread: Thread is done: Thread Group 1-1
2025-03-17 08:47:30,314 INFO o.a.j.t.JMeterThread: Thread finished: Thread Group 1-1
2025-03-17 08:47:30,316 INFO o.a.j.e.StandardJMeterEngine: Notifying test listeners of end of test
2025-03-17 08:47:30,316 INFO o.a.j.g.u.JMeterMenuBar: setRunning(false, *local*)
2025-03-17 08:50:52,336 INFO o.a.j.e.StandardJMeterEngine: Running the test!
2025-03-17 08:50:52,336 INFO o.a.j.s.SampleEvent: List of sample_variables: []
2025-03-17 08:50:52,339 INFO o.a.j.g.u.JMeterMenuBar: setRunning(true, *local*)
2025-03-17 08:50:52,704 INFO o.a.j.e.StandardJMeterEngine: Starting ThreadGroup: 1 : Thread Group
2025-03-17 08:50:52,704 INFO o.a.j.e.StandardJMeterEngine: Starting 4 threads for group Thread Group.
2025-03-17 08:50:52,704 INFO o.a.j.e.StandardJMeterEngine: Thread will continue on error
2025-03-17 08:50:52,706 INFO o.a.j.t.ThreadGroup: Starting thread group... number=1 threads=4 ramp-up=10 delayedStart=false
2025-03-17 08:50:52,708 INFO o.a.j.t.ThreadGroup: Started thread group number 1
2025-03-17 08:50:52,710 INFO o.a.j.e.StandardJMeterEngine: Starting ThreadGroup: 2 : Thread Group
2025-03-17 08:50:52,710 INFO o.a.j.e.StandardJMeterEngine: Starting 1 threads for group Thread Group.
2025-03-17 08:50:52,710 INFO o.a.j.e.StandardJMeterEngine: Thread will continue on error
2025-03-17 08:50:52,710 INFO o.a.j.t.ThreadGroup: Starting thread group... number=2 threads=1 ramp-up=10 delayedStart=false
2025-03-17 08:50:52,710 INFO o.a.j.t.ThreadGroup: Started thread group number 2
2025-03-17 08:50:52,710 INFO o.a.j.e.StandardJMeterEngine: All thread groups have been started
2025-03-17 08:50:52,712 INFO o.a.j.t.JMeterThread: Thread started: Thread Group 1-1
2025-03-17 08:50:52,722 INFO o.a.j.t.JMeterThread: Thread started: Thread Group 2-1
2025-03-17 08:50:53,580 INFO o.a.j.t.JMeterThread: Thread is done: Thread Group 2-1
2025-03-17 08:50:53,580 INFO o.a.j.t.JMeterThread: Thread finished: Thread Group 2-1
2025-03-17 08:50:54,503 INFO o.a.j.t.JMeterThread: Thread is done: Thread Group 1-1
2025-03-17 08:50:54,503 INFO o.a.j.t.JMeterThread: Thread finished: Thread Group 1-1
2025-03-17 08:50:55,215 INFO o.a.j.t.JMeterThread: Thread started: Thread Group 1-2
2025-03-17 08:50:57,370 INFO o.a.j.t.JMeterThread: Thread is done: Thread Group 1-2
2025-03-17 08:50:57,371 INFO o.a.j.t.JMeterThread: Thread finished: Thread Group 1-2
2025-03-17 08:50:57,718 INFO o.a.j.t.JMeterThread: Thread started: Thread Group 1-3
2025-03-17 08:50:59,723 INFO o.a.j.t.JMeterThread: Thread is done: Thread Group 1-3
2025-03-17 08:50:59,723 INFO o.a.j.t.JMeterThread: Thread finished: Thread Group 1-3
2025-03-17 08:51:00,219 INFO o.a.j.t.JMeterThread: Thread started: Thread Group 1-4
2025-03-17 08:51:02,818 INFO o.a.j.t.JMeterThread: Thread is done: Thread Group 1-4
2025-03-17 08:51:02,818 INFO o.a.j.t.JMeterThread: Thread finished: Thread Group 1-4
2025-03-17 08:51:02,820 INFO o.a.j.e.StandardJMeterEngine: Notifying test listeners of end of test
2025-03-17 08:51:02,820 INFO o.a.j.g.u.JMeterMenuBar: setRunning(false, *local*)
2025-03-17 09:01:24,807 INFO o.a.j.e.StandardJMeterEngine: Running the test!
2025-03-17 09:01:24,813 INFO o.a.j.s.SampleEvent: List of sample_variables: []
2025-03-17 09:01:24,815 INFO o.a.j.g.u.JMeterMenuBar: setRunning(true, *local*)
2025-03-17 09:01:25,096 INFO o.a.j.e.StandardJMeterEngine: Starting ThreadGroup: 1 : Thread Group
2025-03-17 09:01:25,096 INFO o.a.j.e.StandardJMeterEngine: Starting 1 threads for group Thread Group.
2025-03-17 09:01:25,096 INFO o.a.j.e.StandardJMeterEngine: Thread will continue on error
2025-03-17 09:01:25,096 INFO o.a.j.t.ThreadGroup: Starting thread group... number=1 threads=1 ramp-up=2 delayedStart=false
2025-03-17 09:01:25,096 INFO o.a.j.t.ThreadGroup: Started thread group number 1
2025-03-17 09:01:25,096 INFO o.a.j.e.StandardJMeterEngine: Starting ThreadGroup: 2 : Thread Group
2025-03-17 09:01:25,096 INFO o.a.j.e.StandardJMeterEngine: Starting 1 threads for group Thread Group.
2025-03-17 09:01:25,096 INFO o.a.j.e.StandardJMeterEngine: Thread will continue on error
2025-03-17 09:01:25,096 INFO o.a.j.t.ThreadGroup: Starting thread group... number=2 threads=1 ramp-up=10 delayedStart=false
2025-03-17 09:01:25,096 INFO o.a.j.t.JMeterThread: Thread started: Thread Group 1-1
2025-03-17 09:01:25,096 INFO o.a.j.t.ThreadGroup: Started thread group number 2
2025-03-17 09:01:25,096 INFO o.a.j.e.StandardJMeterEngine: All thread groups have been started
2025-03-17 09:01:25,096 INFO o.a.j.t.JMeterThread: Thread started: Thread Group 2-1
2025-03-17 09:01:25,994 INFO o.a.j.t.JMeterThread: Thread is done: Thread Group 2-1
2025-03-17 09:01:25,994 INFO o.a.j.t.JMeterThread: Thread finished: Thread Group 2-1
2025-03-17 09:01:27,421 INFO o.a.j.t.JMeterThread: Thread is done: Thread Group 1-1
2025-03-17 09:01:27,430 INFO o.a.j.t.JMeterThread: Thread finished: Thread Group 1-1
2025-03-17 09:01:27,430 INFO o.a.j.e.StandardJMeterEngine: Notifying test listeners of end of test
2025-03-17 09:01:27,430 INFO o.a.j.g.u.JMeterMenuBar: setRunning(false, *local*)
2025-03-17 09:02:37,849 INFO o.a.j.e.StandardJMeterEngine: Running the test!
2025-03-17 09:02:37,849 INFO o.a.j.s.SampleEvent: List of sample_variables: []
2025-03-17 09:02:37,849 INFO o.a.j.g.u.JMeterMenuBar: setRunning(true, *local*)
2025-03-17 09:02:37,956 INFO o.a.j.e.StandardJMeterEngine: Starting ThreadGroup: 1 : Thread Group
2025-03-17 09:02:37,956 INFO o.a.j.e.StandardJMeterEngine: Starting 1 threads for group Thread Group.
2025-03-17 09:02:37,956 INFO o.a.j.e.StandardJMeterEngine: Thread will continue on error
2025-03-17 09:02:37,956 INFO o.a.j.t.ThreadGroup: Starting thread group... number=1 threads=1 ramp-up=2 delayedStart=false
2025-03-17 09:02:37,961 INFO o.a.j.t.ThreadGroup: Started thread group number 1
2025-03-17 09:02:37,961 INFO o.a.j.e.StandardJMeterEngine: Starting ThreadGroup: 2 : Thread Group
2025-03-17 09:02:37,961 INFO o.a.j.e.StandardJMeterEngine: Starting 1 threads for group Thread Group.
2025-03-17 09:02:37,961 INFO o.a.j.e.StandardJMeterEngine: Thread will continue on error
2025-03-17 09:02:37,961 INFO o.a.j.t.ThreadGroup: Starting thread group... number=2 threads=1 ramp-up=10 delayedStart=false
2025-03-17 09:02:37,961 INFO o.a.j.t.ThreadGroup: Started thread group number 2
2025-03-17 09:02:37,961 INFO o.a.j.t.JMeterThread: Thread started: Thread Group 1-1
2025-03-17 09:02:37,961 INFO o.a.j.e.StandardJMeterEngine: All thread groups have been started
2025-03-17 09:02:37,961 INFO o.a.j.t.JMeterThread: Thread started: Thread Group 2-1
2025-03-17 09:02:38,612 INFO o.a.j.t.JMeterThread: Thread is done: Thread Group 2-1
2025-03-17 09:02:38,612 INFO o.a.j.t.JMeterThread: Thread finished: Thread Group 2-1
2025-03-17 09:02:39,823 INFO o.a.j.t.JMeterThread: Thread is done: Thread Group 1-1
2025-03-17 09:02:39,823 INFO o.a.j.t.JMeterThread: Thread finished: Thread Group 1-1
2025-03-17 09:02:39,823 INFO o.a.j.e.StandardJMeterEngine: Notifying test listeners of end of test
2025-03-17 09:02:39,823 INFO o.a.j.g.u.JMeterMenuBar: setRunning(false, *local*)
2025-03-17 09:03:13,090 INFO o.a.j.e.StandardJMeterEngine: Running the test!
2025-03-17 09:03:13,092 INFO o.a.j.s.SampleEvent: List of sample_variables: []
2025-03-17 09:03:13,092 INFO o.a.j.g.u.JMeterMenuBar: setRunning(true, *local*)
2025-03-17 09:03:13,098 INFO o.a.j.e.StandardJMeterEngine: Starting ThreadGroup: 1 : Thread Group
2025-03-17 09:03:13,098 INFO o.a.j.e.StandardJMeterEngine: Starting 1 threads for group Thread Group.
2025-03-17 09:03:13,098 INFO o.a.j.e.StandardJMeterEngine: Thread will continue on error
2025-03-17 09:03:13,098 INFO o.a.j.t.ThreadGroup: Starting thread group... number=1 threads=1 ramp-up=2 delayedStart=false
2025-03-17 09:03:13,098 INFO o.a.j.t.ThreadGroup: Started thread group number 1
2025-03-17 09:03:13,098 INFO o.a.j.e.StandardJMeterEngine: Starting ThreadGroup: 2 : Thread Group
2025-03-17 09:03:13,098 INFO o.a.j.e.StandardJMeterEngine: Starting 1 threads for group Thread Group.
2025-03-17 09:03:13,104 INFO o.a.j.e.StandardJMeterEngine: Thread will continue on error
2025-03-17 09:03:13,104 INFO o.a.j.t.ThreadGroup: Starting thread group... number=2 threads=1 ramp-up=10 delayedStart=false
2025-03-17 09:03:13,104 INFO o.a.j.t.JMeterThread: Thread started: Thread Group 1-1
2025-03-17 09:03:13,104 INFO o.a.j.t.ThreadGroup: Started thread group number 2
2025-03-17 09:03:13,104 INFO o.a.j.e.StandardJMeterEngine: All thread groups have been started
2025-03-17 09:03:13,104 INFO o.a.j.t.JMeterThread: Thread started: Thread Group 2-1
2025-03-17 09:03:13,726 INFO o.a.j.t.JMeterThread: Thread is done: Thread Group 2-1
2025-03-17 09:03:13,726 INFO o.a.j.t.JMeterThread: Thread finished: Thread Group 2-1
2025-03-17 09:03:15,246 INFO o.a.j.t.JMeterThread: Thread is done: Thread Group 1-1
2025-03-17 09:03:15,246 INFO o.a.j.t.JMeterThread: Thread finished: Thread Group 1-1
2025-03-17 09:03:15,246 INFO o.a.j.e.StandardJMeterEngine: Notifying test listeners of end of test
2025-03-17 09:03:15,262 INFO o.a.j.g.u.JMeterMenuBar: setRunning(false, *local*)
2025-03-17 09:07:47,664 INFO o.a.j.e.StandardJMeterEngine: Running the test!
2025-03-17 09:07:47,666 INFO o.a.j.s.SampleEvent: List of sample_variables: []
2025-03-17 09:07:47,666 INFO o.a.j.g.u.JMeterMenuBar: setRunning(true, *local*)
2025-03-17 09:07:47,785 INFO o.a.j.e.StandardJMeterEngine: Starting ThreadGroup: 1 : Thread Group
2025-03-17 09:07:47,785 INFO o.a.j.e.StandardJMeterEngine: Starting 1 threads for group Thread Group.
2025-03-17 09:07:47,785 INFO o.a.j.e.StandardJMeterEngine: Thread will continue on error
2025-03-17 09:07:47,785 INFO o.a.j.t.ThreadGroup: Starting thread group... number=1 threads=1 ramp-up=2 delayedStart=false
2025-03-17 09:07:47,787 INFO o.a.j.t.ThreadGroup: Started thread group number 1
2025-03-17 09:07:47,787 INFO o.a.j.e.StandardJMeterEngine: Starting ThreadGroup: 2 : Thread Group
2025-03-17 09:07:47,787 INFO o.a.j.e.StandardJMeterEngine: Starting 1 threads for group Thread Group.
2025-03-17 09:07:47,787 INFO o.a.j.e.StandardJMeterEngine: Thread will continue on error
2025-03-17 09:07:47,787 INFO o.a.j.t.ThreadGroup: Starting thread group... number=2 threads=1 ramp-up=10 delayedStart=false
2025-03-17 09:07:47,787 INFO o.a.j.t.ThreadGroup: Started thread group number 2
2025-03-17 09:07:47,787 INFO o.a.j.e.StandardJMeterEngine: All thread groups have been started
2025-03-17 09:07:47,787 INFO o.a.j.t.JMeterThread: Thread started: Thread Group 1-1
2025-03-17 09:07:47,787 INFO o.a.j.t.JMeterThread: Thread started: Thread Group 2-1
2025-03-17 09:07:48,869 INFO o.a.j.t.JMeterThread: Thread is done: Thread Group 2-1
2025-03-17 09:07:48,869 INFO o.a.j.t.JMeterThread: Thread finished: Thread Group 2-1
2025-03-17 09:07:49,160 INFO o.a.j.t.JMeterThread: Thread is done: Thread Group 1-1
2025-03-17 09:07:49,160 INFO o.a.j.t.JMeterThread: Thread finished: Thread Group 1-1
2025-03-17 09:07:49,160 INFO o.a.j.e.StandardJMeterEngine: Notifying test listeners of end of test
2025-03-17 09:07:49,160 INFO o.a.j.g.u.JMeterMenuBar: setRunning(false, *local*)
2025-03-17 09:09:47,388 INFO o.a.j.e.StandardJMeterEngine: Running the test!
2025-03-17 09:09:47,388 INFO o.a.j.s.SampleEvent: List of sample_variables: []
2025-03-17 09:09:47,388 INFO o.a.j.g.u.JMeterMenuBar: setRunning(true, *local*)
2025-03-17 09:09:47,505 INFO o.a.j.e.StandardJMeterEngine: Starting ThreadGroup: 1 : Thread Group
2025-03-17 09:09:47,505 INFO o.a.j.e.StandardJMeterEngine: Starting 1 threads for group Thread Group.
2025-03-17 09:09:47,505 INFO o.a.j.e.StandardJMeterEngine: Thread will continue on error
2025-03-17 09:09:47,505 INFO o.a.j.t.ThreadGroup: Starting thread group... number=1 threads=1 ramp-up=2 delayedStart=false
2025-03-17 09:09:47,505 INFO o.a.j.t.ThreadGroup: Started thread group number 1
2025-03-17 09:09:47,505 INFO o.a.j.e.StandardJMeterEngine: Starting ThreadGroup: 2 : Thread Group
2025-03-17 09:09:47,505 INFO o.a.j.e.StandardJMeterEngine: Starting 1 threads for group Thread Group.
2025-03-17 09:09:47,505 INFO o.a.j.e.StandardJMeterEngine: Thread will continue on error
2025-03-17 09:09:47,505 INFO o.a.j.t.ThreadGroup: Starting thread group... number=2 threads=1 ramp-up=10 delayedStart=false
2025-03-17 09:09:47,505 INFO o.a.j.t.ThreadGroup: Started thread group number 2
2025-03-17 09:09:47,505 INFO o.a.j.e.StandardJMeterEngine: All thread groups have been started
2025-03-17 09:09:47,505 INFO o.a.j.t.JMeterThread: Thread started: Thread Group 1-1
2025-03-17 09:09:47,505 INFO o.a.j.t.JMeterThread: Thread started: Thread Group 2-1
2025-03-17 09:09:48,250 INFO o.a.j.t.JMeterThread: Thread is done: Thread Group 2-1
2025-03-17 09:09:48,250 INFO o.a.j.t.JMeterThread: Thread finished: Thread Group 2-1
2025-03-17 09:09:48,761 INFO o.a.j.t.JMeterThread: Thread is done: Thread Group 1-1
2025-03-17 09:09:48,761 INFO o.a.j.t.JMeterThread: Thread finished: Thread Group 1-1
2025-03-17 09:09:48,775 INFO o.a.j.e.StandardJMeterEngine: Notifying test listeners of end of test
2025-03-17 09:09:48,775 INFO o.a.j.g.u.JMeterMenuBar: setRunning(false, *local*)
2025-03-17 11:14:05,278 INFO o.a.j.u.JMeterUtils: Setting Locale to es
2025-03-17 11:23:04,881 INFO o.a.j.e.StandardJMeterEngine: Running the test!
2025-03-17 11:23:04,881 INFO o.a.j.s.SampleEvent: List of sample_variables: []
2025-03-17 11:23:04,897 INFO o.a.j.g.u.JMeterMenuBar: setRunning(true, *local*)
2025-03-17 11:23:06,208 INFO o.a.j.e.StandardJMeterEngine: Starting ThreadGroup: 1 : Usuarios
2025-03-17 11:23:06,208 INFO o.a.j.e.StandardJMeterEngine: Starting 1 threads for group Usuarios.
2025-03-17 11:23:06,208 INFO o.a.j.e.StandardJMeterEngine: Thread will continue on error
2025-03-17 11:23:06,208 INFO o.a.j.t.ThreadGroup: Starting thread group... number=1 threads=1 ramp-up=2 delayedStart=false
2025-03-17 11:23:06,208 INFO o.a.j.t.ThreadGroup: Started thread group number 1
2025-03-17 11:23:06,208 INFO o.a.j.e.StandardJMeterEngine: Starting ThreadGroup: 2 : Thread Group
2025-03-17 11:23:06,208 INFO o.a.j.e.StandardJMeterEngine: Starting 1 threads for group Thread Group.
2025-03-17 11:23:06,208 INFO o.a.j.e.StandardJMeterEngine: Thread will continue on error
2025-03-17 11:23:06,208 INFO o.a.j.t.ThreadGroup: Starting thread group... number=2 threads=1 ramp-up=10 delayedStart=false
2025-03-17 11:23:06,208 INFO o.a.j.t.JMeterThread: Thread started: Usuarios 1-1
2025-03-17 11:23:06,208 INFO o.a.j.t.ThreadGroup: Started thread group number 2
2025-03-17 11:23:06,208 INFO o.a.j.t.JMeterThread: Thread started: Thread Group 2-1
2025-03-17 11:23:06,208 INFO o.a.j.e.StandardJMeterEngine: All thread groups have been started
2025-03-17 11:23:31,080 INFO o.a.j.g.a.Start: Stopping test
2025-03-17 11:23:31,107 INFO o.a.j.t.JMeterThread: Stopping: Usuarios 1-1
2025-03-17 11:23:31,107 WARN o.a.j.t.JMeterThread: Interrupting: Usuarios 1-1 sampler: HTTP Request GET
2025-03-17 11:23:31,123 INFO o.a.j.t.JMeterThread: Stopping: Thread Group 2-1
2025-03-17 11:23:31,123 WARN o.a.j.t.JMeterThread: Interrupting: Thread Group 2-1 sampler: HTTP Request
2025-03-17 11:23:31,123 INFO o.a.j.t.JMeterThread: Thread finished: Usuarios 1-1
2025-03-17 11:23:31,123 INFO o.a.j.t.JMeterThread: Thread is done: Thread Group 2-1
2025-03-17 11:23:31,123 INFO o.a.j.t.JMeterThread: Thread finished: Thread Group 2-1
2025-03-17 11:23:31,123 INFO o.a.j.e.StandardJMeterEngine: Notifying test listeners of end of test
2025-03-17 11:23:31,123 INFO o.a.j.g.u.JMeterMenuBar: setRunning(false, *local*)
2025-03-17 11:23:41,163 INFO o.a.j.e.StandardJMeterEngine: Running the test!
2025-03-17 11:23:41,163 INFO o.a.j.s.SampleEvent: List of sample_variables: []
2025-03-17 11:23:41,163 INFO o.a.j.g.u.JMeterMenuBar: setRunning(true, *local*)
2025-03-17 11:23:41,288 INFO o.a.j.e.StandardJMeterEngine: Starting ThreadGroup: 1 : Usuarios
2025-03-17 11:23:41,288 INFO o.a.j.e.StandardJMeterEngine: Starting 1 threads for group Usuarios.
2025-03-17 11:23:41,288 INFO o.a.j.e.StandardJMeterEngine: Thread will continue on error
2025-03-17 11:23:41,288 INFO o.a.j.t.ThreadGroup: Starting thread group... number=1 threads=1 ramp-up=2 delayedStart=false
2025-03-17 11:23:41,288 INFO o.a.j.t.ThreadGroup: Started thread group number 1
2025-03-17 11:23:41,288 INFO o.a.j.e.StandardJMeterEngine: Starting ThreadGroup: 2 : Thread Group
2025-03-17 11:23:41,288 INFO o.a.j.e.StandardJMeterEngine: Starting 1 threads for group Thread Group.
2025-03-17 11:23:41,288 INFO o.a.j.e.StandardJMeterEngine: Thread will continue on error
2025-03-17 11:23:41,288 INFO o.a.j.t.ThreadGroup: Starting thread group... number=2 threads=1 ramp-up=10 delayedStart=false
2025-03-17 11:23:41,288 INFO o.a.j.t.ThreadGroup: Started thread group number 2
2025-03-17 11:23:41,288 INFO o.a.j.e.StandardJMeterEngine: All thread groups have been started
2025-03-17 11:23:41,291 INFO o.a.j.t.JMeterThread: Thread started: Usuarios 1-1
2025-03-17 11:23:41,291 INFO o.a.j.t.JMeterThread: Thread started: Thread Group 2-1
2025-03-17 11:24:30,587 INFO o.a.j.g.a.Start: Stopping test
2025-03-17 11:24:30,622 INFO o.a.j.t.JMeterThread: Stopping: Usuarios 1-1
2025-03-17 11:24:30,622 WARN o.a.j.t.JMeterThread: Interrupting: Usuarios 1-1 sampler: HTTP Request GET
2025-03-17 11:24:30,622 INFO o.a.j.t.JMeterThread: Stopping: Thread Group 2-1
2025-03-17 11:24:30,622 WARN o.a.j.t.JMeterThread: Interrupting: Thread Group 2-1 sampler: HTTP Request
2025-03-17 11:24:30,622 INFO o.a.j.t.JMeterThread: Thread finished: Usuarios 1-1
2025-03-17 11:24:30,622 INFO o.a.j.t.JMeterThread: Thread is done: Thread Group 2-1
2025-03-17 11:24:30,622 INFO o.a.j.t.JMeterThread: Thread finished: Thread Group 2-1
2025-03-17 11:24:30,622 INFO o.a.j.e.StandardJMeterEngine: Notifying test listeners of end of test
2025-03-17 11:24:30,622 INFO o.a.j.g.u.JMeterMenuBar: setRunning(false, *local*)
2025-03-17 11:25:10,109 INFO o.a.j.e.StandardJMeterEngine: Running the test!
2025-03-17 11:25:10,109 INFO o.a.j.s.SampleEvent: List of sample_variables: []
2025-03-17 11:25:10,109 INFO o.a.j.g.u.JMeterMenuBar: setRunning(true, *local*)
2025-03-17 11:25:10,204 INFO o.a.j.e.StandardJMeterEngine: Starting ThreadGroup: 1 : Thread Group
2025-03-17 11:25:10,204 INFO o.a.j.e.StandardJMeterEngine: Starting 1 threads for group Thread Group.
2025-03-17 11:25:10,204 INFO o.a.j.e.StandardJMeterEngine: Thread will continue on error
2025-03-17 11:25:10,204 INFO o.a.j.t.ThreadGroup: Starting thread group... number=1 threads=1 ramp-up=2 delayedStart=false
2025-03-17 11:25:10,219 INFO o.a.j.t.ThreadGroup: Started thread group number 1
2025-03-17 11:25:10,219 INFO o.a.j.e.StandardJMeterEngine: Starting ThreadGroup: 2 : Thread Group
2025-03-17 11:25:10,219 INFO o.a.j.e.StandardJMeterEngine: Starting 1 threads for group Thread Group.
2025-03-17 11:25:10,219 INFO o.a.j.e.StandardJMeterEngine: Thread will continue on error
2025-03-17 11:25:10,219 INFO o.a.j.t.ThreadGroup: Starting thread group... number=2 threads=1 ramp-up=10 delayedStart=false
2025-03-17 11:25:10,219 INFO o.a.j.t.ThreadGroup: Started thread group number 2
2025-03-17 11:25:10,219 INFO o.a.j.e.StandardJMeterEngine: All thread groups have been started
2025-03-17 11:25:10,219 INFO o.a.j.t.JMeterThread: Thread started: Thread Group 1-1
2025-03-17 11:25:10,219 INFO o.a.j.t.JMeterThread: Thread started: Thread Group 2-1
2025-03-17 11:25:40,545 INFO o.a.j.g.a.Start: Stopping test
2025-03-17 11:25:40,554 INFO o.a.j.t.JMeterThread: Stopping: Thread Group 1-1
2025-03-17 11:25:40,554 WARN o.a.j.t.JMeterThread: Interrupting: Thread Group 1-1 sampler: HTTP Request GET
2025-03-17 11:25:40,554 INFO o.a.j.t.JMeterThread: Stopping: Thread Group 2-1
2025-03-17 11:25:40,554 WARN o.a.j.t.JMeterThread: Interrupting: Thread Group 2-1 sampler: HTTP Request
2025-03-17 11:25:40,554 INFO o.a.j.t.JMeterThread: Thread finished: Thread Group 1-1
2025-03-17 11:25:40,554 INFO o.a.j.t.JMeterThread: Thread is done: Thread Group 2-1
2025-03-17 11:25:40,570 INFO o.a.j.t.JMeterThread: Thread finished: Thread Group 2-1
2025-03-17 11:25:40,570 INFO o.a.j.e.StandardJMeterEngine: Notifying test listeners of end of test
2025-03-17 11:25:40,570 INFO o.a.j.g.u.JMeterMenuBar: setRunning(false, *local*)
2025-03-17 11:25:41,672 INFO o.a.j.e.StandardJMeterEngine: Running the test!
2025-03-17 11:25:41,672 INFO o.a.j.s.SampleEvent: List of sample_variables: []
2025-03-17 11:25:41,672 INFO o.a.j.g.u.JMeterMenuBar: setRunning(true, *local*)
2025-03-17 11:25:41,768 INFO o.a.j.e.StandardJMeterEngine: Starting ThreadGroup: 1 : Thread Group
2025-03-17 11:25:41,768 INFO o.a.j.e.StandardJMeterEngine: Starting 1 threads for group Thread Group.
2025-03-17 11:25:41,768 INFO o.a.j.e.StandardJMeterEngine: Thread will continue on error
2025-03-17 11:25:41,768 INFO o.a.j.t.ThreadGroup: Starting thread group... number=1 threads=1 ramp-up=2 delayedStart=false
2025-03-17 11:25:41,768 INFO o.a.j.t.ThreadGroup: Started thread group number 1
2025-03-17 11:25:41,768 INFO o.a.j.e.StandardJMeterEngine: Starting ThreadGroup: 2 : Thread Group
2025-03-17 11:25:41,768 INFO o.a.j.e.StandardJMeterEngine: Starting 1 threads for group Thread Group.
2025-03-17 11:25:41,768 INFO o.a.j.e.StandardJMeterEngine: Thread will continue on error
2025-03-17 11:25:41,768 INFO o.a.j.t.ThreadGroup: Starting thread group... number=2 threads=1 ramp-up=10 delayedStart=false
2025-03-17 11:25:41,768 INFO o.a.j.t.ThreadGroup: Started thread group number 2
2025-03-17 11:25:41,768 INFO o.a.j.e.StandardJMeterEngine: All thread groups have been started
2025-03-17 11:25:41,768 INFO o.a.j.t.JMeterThread: Thread started: Thread Group 1-1
2025-03-17 11:25:41,768 INFO o.a.j.t.JMeterThread: Thread started: Thread Group 2-1
2025-03-17 11:26:34,154 INFO o.a.j.g.a.Start: Stopping test
2025-03-17 11:26:34,174 INFO o.a.j.t.JMeterThread: Stopping: Thread Group 1-1
2025-03-17 11:26:34,174 WARN o.a.j.t.JMeterThread: Interrupting: Thread Group 1-1 sampler: HTTP Request GET
2025-03-17 11:26:34,174 INFO o.a.j.t.JMeterThread: Stopping: Thread Group 2-1
2025-03-17 11:26:34,174 WARN o.a.j.t.JMeterThread: Interrupting: Thread Group 2-1 sampler: HTTP Request
2025-03-17 11:26:34,187 INFO o.a.j.t.JMeterThread: Thread finished: Thread Group 1-1
2025-03-17 11:26:34,191 INFO o.a.j.t.JMeterThread: Thread is done: Thread Group 2-1
2025-03-17 11:26:34,191 INFO o.a.j.t.JMeterThread: Thread finished: Thread Group 2-1
2025-03-17 11:26:34,191 INFO o.a.j.e.StandardJMeterEngine: Notifying test listeners of end of test
2025-03-17 11:26:34,191 INFO o.a.j.g.u.JMeterMenuBar: setRunning(false, *local*)
2025-03-17 11:26:35,434 INFO o.a.j.e.StandardJMeterEngine: Running the test!
2025-03-17 11:26:35,436 INFO o.a.j.s.SampleEvent: List of sample_variables: []
2025-03-17 11:26:35,436 INFO o.a.j.g.u.JMeterMenuBar: setRunning(true, *local*)
2025-03-17 11:26:35,548 INFO o.a.j.e.StandardJMeterEngine: Starting ThreadGroup: 1 : Thread Group
2025-03-17 11:26:35,548 INFO o.a.j.e.StandardJMeterEngine: Starting 1 threads for group Thread Group.
2025-03-17 11:26:35,548 INFO o.a.j.e.StandardJMeterEngine: Thread will continue on error
2025-03-17 11:26:35,548 INFO o.a.j.t.ThreadGroup: Starting thread group... number=1 threads=1 ramp-up=2 delayedStart=false
2025-03-17 11:26:35,548 INFO o.a.j.t.ThreadGroup: Started thread group number 1
2025-03-17 11:26:35,548 INFO o.a.j.e.StandardJMeterEngine: All thread groups have been started
2025-03-17 11:26:35,556 INFO o.a.j.t.JMeterThread: Thread started: Thread Group 1-1
2025-03-17 11:27:45,251 INFO o.a.j.g.a.Start: Stopping test
2025-03-17 11:27:45,266 INFO o.a.j.t.JMeterThread: Stopping: Thread Group 1-1
2025-03-17 11:27:45,266 WARN o.a.j.t.JMeterThread: Interrupting: Thread Group 1-1 sampler: HTTP Request GET
2025-03-17 11:27:45,266 INFO o.a.j.t.JMeterThread: Thread finished: Thread Group 1-1
2025-03-17 11:27:45,266 INFO o.a.j.e.StandardJMeterEngine: Notifying test listeners of end of test
2025-03-17 11:27:45,266 INFO o.a.j.g.u.JMeterMenuBar: setRunning(false, *local*)
2025-03-17 11:27:55,439 INFO o.a.j.e.StandardJMeterEngine: Running the test!
2025-03-17 11:27:55,441 INFO o.a.j.s.SampleEvent: List of sample_variables: []
2025-03-17 11:27:55,441 INFO o.a.j.g.u.JMeterMenuBar: setRunning(true, *local*)
2025-03-17 11:27:55,548 INFO o.a.j.e.StandardJMeterEngine: Starting ThreadGroup: 1 : Thread Group
2025-03-17 11:27:55,548 INFO o.a.j.e.StandardJMeterEngine: Starting 1 threads for group Thread Group.
2025-03-17 11:27:55,548 INFO o.a.j.e.StandardJMeterEngine: Thread will continue on error
2025-03-17 11:27:55,548 INFO o.a.j.t.ThreadGroup: Starting thread group... number=1 threads=1 ramp-up=2 delayedStart=false
2025-03-17 11:27:55,548 INFO o.a.j.t.ThreadGroup: Started thread group number 1
2025-03-17 11:27:55,548 INFO o.a.j.e.StandardJMeterEngine: All thread groups have been started
2025-03-17 11:27:55,548 INFO o.a.j.t.JMeterThread: Thread started: Thread Group 1-1
2025-03-17 11:28:35,936 INFO o.a.j.g.a.Start: Stopping test
2025-03-17 11:28:35,952 INFO o.a.j.t.JMeterThread: Stopping: Thread Group 1-1
2025-03-17 11:28:35,952 WARN o.a.j.t.JMeterThread: Interrupting: Thread Group 1-1 sampler: HTTP Request GET
2025-03-17 11:28:35,952 INFO o.a.j.t.JMeterThread: Thread finished: Thread Group 1-1
2025-03-17 11:28:35,968 INFO o.a.j.e.StandardJMeterEngine: Notifying test listeners of end of test
2025-03-17 11:28:35,968 INFO o.a.j.g.u.JMeterMenuBar: setRunning(false, *local*)
2025-03-17 12:00:58,760 INFO o.a.j.e.StandardJMeterEngine: Running the test!
2025-03-17 12:00:58,776 INFO o.a.j.s.SampleEvent: List of sample_variables: []
2025-03-17 12:00:58,776 INFO o.a.j.g.u.JMeterMenuBar: setRunning(true, *local*)
2025-03-17 12:00:59,397 INFO o.a.j.e.StandardJMeterEngine: Starting ThreadGroup: 1 : Thread Group
2025-03-17 12:00:59,400 INFO o.a.j.e.StandardJMeterEngine: Starting 1 threads for group Thread Group.
2025-03-17 12:00:59,400 INFO o.a.j.e.StandardJMeterEngine: Thread will continue on error
2025-03-17 12:00:59,400 INFO o.a.j.t.ThreadGroup: Starting thread group... number=1 threads=1 ramp-up=2 delayedStart=false
2025-03-17 12:00:59,400 INFO o.a.j.t.ThreadGroup: Started thread group number 1
2025-03-17 12:00:59,400 INFO o.a.j.e.StandardJMeterEngine: All thread groups have been started
2025-03-17 12:00:59,404 INFO o.a.j.t.JMeterThread: Thread started: Thread Group 1-1
2025-03-17 12:05:54,112 INFO o.a.j.t.JMeterThread: Thread is done: Thread Group 1-1
2025-03-17 12:05:54,114 INFO o.a.j.t.JMeterThread: Thread finished: Thread Group 1-1
2025-03-17 12:05:54,117 INFO o.a.j.e.StandardJMeterEngine: Notifying test listeners of end of test
2025-03-17 12:05:54,117 INFO o.a.j.g.u.JMeterMenuBar: setRunning(false, *local*)
2025-03-17 12:22:27,879 INFO o.a.j.e.StandardJMeterEngine: Running the test!
2025-03-17 12:22:27,886 INFO o.a.j.s.SampleEvent: List of sample_variables: []
2025-03-17 12:22:27,886 INFO o.a.j.g.u.JMeterMenuBar: setRunning(true, *local*)
2025-03-17 12:22:27,928 INFO o.a.j.e.StandardJMeterEngine: Starting ThreadGroup: 1 : Thread Group
2025-03-17 12:22:27,928 INFO o.a.j.e.StandardJMeterEngine: Starting 1 threads for group Thread Group.
2025-03-17 12:22:27,928 INFO o.a.j.e.StandardJMeterEngine: Thread will continue on error
2025-03-17 12:22:27,928 INFO o.a.j.t.ThreadGroup: Starting thread group... number=1 threads=1 ramp-up=2 delayedStart=false
2025-03-17 12:22:27,928 INFO o.a.j.t.ThreadGroup: Started thread group number 1
2025-03-17 12:22:27,928 INFO o.a.j.e.StandardJMeterEngine: All thread groups have been started
2025-03-17 12:22:27,928 INFO o.a.j.t.JMeterThread: Thread started: Thread Group 1-1
2025-03-17 12:26:48,302 INFO o.a.j.g.a.Start: Stopping test
2025-03-17 12:26:48,350 INFO o.a.j.t.JMeterThread: Stopping: Thread Group 1-1
2025-03-17 12:26:48,350 WARN o.a.j.t.JMeterThread: Interrupting: Thread Group 1-1 sampler: HTTP Request POST
2025-03-17 12:26:48,350 INFO o.a.j.t.JMeterThread: Thread finished: Thread Group 1-1
2025-03-17 12:26:48,350 INFO o.a.j.e.StandardJMeterEngine: Notifying test listeners of end of test
2025-03-17 12:26:48,350 INFO o.a.j.g.u.JMeterMenuBar: setRunning(false, *local*)
2025-03-17 12:31:28,784 INFO o.a.j.g.a.Load: Loading file: C:\Users\esme_\Documents\Prueba tecnica Banco Bogota\apache-jmeter-5.6.3\bin\examples\PerformanceTestPlanMemoryThread.jmx
2025-03-17 12:31:28,784 INFO o.a.j.s.FileServer: Set new base='C:\Users\esme_\Documents\Prueba tecnica Banco Bogota\apache-jmeter-5.6.3\bin\examples'
2025-03-17 12:31:28,784 INFO o.a.j.s.SaveService: Loading file: C:\Users\esme_\Documents\Prueba tecnica Banco Bogota\apache-jmeter-5.6.3\bin\examples\PerformanceTestPlanMemoryThread.jmx
2025-03-17 12:31:28,816 INFO o.a.j.p.h.c.CookieManager: Settings: Delete null: true Check: true Allow variable: true Save: false Prefix: COOKIE_
2025-03-17 12:31:29,363 INFO o.a.j.s.FileServer: Set new base='C:\Users\esme_\Documents\Prueba tecnica Banco Bogota\apache-jmeter-5.6.3\bin\examples'
2025-03-17 12:34:43,533 INFO o.a.j.s.FileServer: Set new base='C:\Users\esme_\Documents\Prueba tecnica Banco Bogota\apache-jmeter-5.6.3\bin'
2025-03-17 12:34:43,539 INFO o.a.j.e.StandardJMeterEngine: Running the test!
2025-03-17 12:34:43,540 INFO o.a.j.s.SampleEvent: List of sample_variables: []
2025-03-17 12:34:43,541 INFO o.a.j.g.u.JMeterMenuBar: setRunning(true, *local*)
2025-03-17 12:34:43,813 INFO o.a.j.e.StandardJMeterEngine: Starting ThreadGroup: 1 : Grupo de Hilos
2025-03-17 12:34:43,813 INFO o.a.j.e.StandardJMeterEngine: Starting 1 threads for group Grupo de Hilos.
2025-03-17 12:34:43,813 INFO o.a.j.e.StandardJMeterEngine: Thread will continue on error
2025-03-17 12:34:43,813 INFO o.a.j.t.ThreadGroup: Starting thread group... number=1 threads=1 ramp-up=1 delayedStart=false
2025-03-17 12:34:43,813 INFO o.a.j.t.ThreadGroup: Started thread group number 1
2025-03-17 12:34:43,813 INFO o.a.j.e.StandardJMeterEngine: All thread groups have been started
2025-03-17 12:34:43,813 INFO o.a.j.t.JMeterThread: Thread started: Grupo de Hilos 1-1
2025-03-17 12:37:11,094 INFO o.a.j.t.JMeterThread: Thread is done: Grupo de Hilos 1-1
2025-03-17 12:37:11,094 INFO o.a.j.t.JMeterThread: Thread finished: Grupo de Hilos 1-1
2025-03-17 12:37:11,094 INFO o.a.j.e.StandardJMeterEngine: Notifying test listeners of end of test
2025-03-17 12:37:11,096 INFO o.a.j.g.u.JMeterMenuBar: setRunning(false, *local*)
2025-03-17 12:41:22,624 INFO o.a.j.e.StandardJMeterEngine: Running the test!
2025-03-17 12:41:22,624 INFO o.a.j.s.SampleEvent: List of sample_variables: []
2025-03-17 12:41:22,626 INFO o.a.j.g.u.JMeterMenuBar: setRunning(true, *local*)
2025-03-17 12:41:22,833 INFO o.a.j.e.StandardJMeterEngine: Starting ThreadGroup: 1 : Grupo de Hilos
2025-03-17 12:41:22,833 INFO o.a.j.e.StandardJMeterEngine: Starting 1 threads for group Grupo de Hilos.
2025-03-17 12:41:22,833 INFO o.a.j.e.StandardJMeterEngine: Thread will continue on error
2025-03-17 12:41:22,833 INFO o.a.j.t.ThreadGroup: Starting thread group... number=1 threads=1 ramp-up=1 delayedStart=false
2025-03-17 12:41:22,833 INFO o.a.j.t.ThreadGroup: Started thread group number 1
2025-03-17 12:41:22,833 INFO o.a.j.e.StandardJMeterEngine: All thread groups have been started
2025-03-17 12:41:22,841 INFO o.a.j.t.JMeterThread: Thread started: Grupo de Hilos 1-1
2025-03-17 12:41:23,593 INFO o.a.j.t.JMeterThread: Thread is done: Grupo de Hilos 1-1
2025-03-17 12:41:23,593 INFO o.a.j.t.JMeterThread: Thread finished: Grupo de Hilos 1-1
2025-03-17 12:41:23,595 INFO o.a.j.e.StandardJMeterEngine: Notifying test listeners of end of test
2025-03-17 12:41:23,595 INFO o.a.j.g.u.JMeterMenuBar: setRunning(false, *local*)
2025-03-17 12:43:07,340 INFO o.a.j.e.StandardJMeterEngine: Running the test!
2025-03-17 12:43:07,343 INFO o.a.j.s.SampleEvent: List of sample_variables: []
2025-03-17 12:43:07,343 INFO o.a.j.g.u.JMeterMenuBar: setRunning(true, *local*)
2025-03-17 12:43:07,543 INFO o.a.j.e.StandardJMeterEngine: Starting ThreadGroup: 1 : Grupo de Hilos
2025-03-17 12:43:07,545 INFO o.a.j.e.StandardJMeterEngine: Starting 1 threads for group Grupo de Hilos.
2025-03-17 12:43:07,545 INFO o.a.j.e.StandardJMeterEngine: Thread will continue on error
2025-03-17 12:43:07,545 INFO o.a.j.t.ThreadGroup: Starting thread group... number=1 threads=1 ramp-up=1 delayedStart=false
2025-03-17 12:43:07,545 INFO o.a.j.t.ThreadGroup: Started thread group number 1
2025-03-17 12:43:07,546 INFO o.a.j.e.StandardJMeterEngine: All thread groups have been started
2025-03-17 12:43:07,546 INFO o.a.j.t.JMeterThread: Thread started: Grupo de Hilos 1-1
2025-03-17 12:43:09,074 INFO o.a.j.t.JMeterThread: Thread is done: Grupo de Hilos 1-1
2025-03-17 12:43:09,076 INFO o.a.j.t.JMeterThread: Thread finished: Grupo de Hilos 1-1
2025-03-17 12:43:09,078 INFO o.a.j.e.StandardJMeterEngine: Notifying test listeners of end of test
2025-03-17 12:43:09,078 INFO o.a.j.g.u.JMeterMenuBar: setRunning(false, *local*)
2025-03-17 12:50:48,216 INFO o.a.j.u.JMeterUtils: Setting Locale to en
2025-03-17 12:52:29,249 INFO o.a.j.u.JMeterUtils: Setting Locale to es
2025-03-17 12:55:23,471 INFO o.a.j.e.StandardJMeterEngine: Running the test!
2025-03-17 12:55:23,473 INFO o.a.j.s.SampleEvent: List of sample_variables: []
2025-03-17 12:55:23,477 INFO o.a.j.g.u.JMeterMenuBar: setRunning(true, *local*)
2025-03-17 12:55:23,735 INFO o.a.j.e.StandardJMeterEngine: Starting ThreadGroup: 1 : Grupo de Hilos
2025-03-17 12:55:23,735 INFO o.a.j.e.StandardJMeterEngine: Starting 1 threads for group Grupo de Hilos.
2025-03-17 12:55:23,735 INFO o.a.j.e.StandardJMeterEngine: Thread will continue on error
2025-03-17 12:55:23,735 INFO o.a.j.t.ThreadGroup: Starting thread group... number=1 threads=1 ramp-up=1 delayedStart=false
2025-03-17 12:55:23,736 INFO o.a.j.t.ThreadGroup: Started thread group number 1
2025-03-17 12:55:23,736 INFO o.a.j.e.StandardJMeterEngine: All thread groups have been started
2025-03-17 12:55:23,738 INFO o.a.j.t.JMeterThread: Thread started: Grupo de Hilos 1-1
2025-03-17 12:55:25,519 INFO o.a.j.t.JMeterThread: Thread is done: Grupo de Hilos 1-1
2025-03-17 12:55:25,526 INFO o.a.j.t.JMeterThread: Thread finished: Grupo de Hilos 1-1
2025-03-17 12:55:25,527 INFO o.a.j.e.StandardJMeterEngine: Notifying test listeners of end of test
2025-03-17 12:55:25,527 INFO o.a.j.r.Summariser: Generar Resumen de Resultados =      2 in 00:00:02 =    1.0/s Avg:   877 Min:   604 Max:  1150 Err:     1 (50.00%)
2025-03-17 12:55:25,529 INFO o.a.j.g.u.JMeterMenuBar: setRunning(false, *local*)
2025-03-17 14:36:06,650 INFO o.a.j.e.StandardJMeterEngine: Running the test!
2025-03-17 14:36:06,652 INFO o.a.j.s.SampleEvent: List of sample_variables: []
2025-03-17 14:36:06,662 INFO o.a.j.g.u.JMeterMenuBar: setRunning(true, *local*)
2025-03-17 14:36:07,878 INFO o.a.j.e.StandardJMeterEngine: Starting ThreadGroup: 1 : Grupo de Hilos
2025-03-17 14:36:07,878 INFO o.a.j.e.StandardJMeterEngine: Starting 1 threads for group Grupo de Hilos.
2025-03-17 14:36:07,878 INFO o.a.j.e.StandardJMeterEngine: Thread will continue on error
2025-03-17 14:36:07,878 INFO o.a.j.t.ThreadGroup: Starting thread group... number=1 threads=1 ramp-up=1 delayedStart=false
2025-03-17 14:36:07,878 INFO o.a.j.t.ThreadGroup: Started thread group number 1
2025-03-17 14:36:07,878 INFO o.a.j.e.StandardJMeterEngine: All thread groups have been started
2025-03-17 14:36:07,893 INFO o.a.j.t.JMeterThread: Thread started: Grupo de Hilos 1-1
2025-03-17 14:36:07,897 INFO o.a.j.t.JMeterThread: Thread is done: Grupo de Hilos 1-1
2025-03-17 14:36:07,897 INFO o.a.j.t.JMeterThread: Thread finished: Grupo de Hilos 1-1
2025-03-17 14:36:07,897 INFO o.a.j.e.StandardJMeterEngine: Notifying test listeners of end of test
2025-03-17 14:36:07,897 INFO o.a.j.r.Summariser: Generar Resumen de Resultados =      2 in 00:00:01 =    1.6/s Avg:     0 Min:     0 Max:     0 Err:     2 (100.00%)
2025-03-17 14:36:07,897 INFO o.a.j.g.u.JMeterMenuBar: setRunning(false, *local*)
2025-03-17 14:55:32,812 INFO o.a.j.e.StandardJMeterEngine: Running the test!
2025-03-17 14:55:32,815 INFO o.a.j.s.SampleEvent: List of sample_variables: []
2025-03-17 14:55:32,817 INFO o.a.j.g.u.JMeterMenuBar: setRunning(true, *local*)
2025-03-17 14:55:33,180 INFO o.a.j.e.StandardJMeterEngine: Starting ThreadGroup: 1 : Grupo de Hilos
2025-03-17 14:55:33,180 INFO o.a.j.e.StandardJMeterEngine: Starting 1 threads for group Grupo de Hilos.
2025-03-17 14:55:33,180 INFO o.a.j.e.StandardJMeterEngine: Thread will continue on error
2025-03-17 14:55:33,180 INFO o.a.j.t.ThreadGroup: Starting thread group... number=1 threads=1 ramp-up=1 delayedStart=false
2025-03-17 14:55:33,181 INFO o.a.j.t.ThreadGroup: Started thread group number 1
2025-03-17 14:55:33,181 INFO o.a.j.e.StandardJMeterEngine: All thread groups have been started
2025-03-17 14:55:33,181 INFO o.a.j.t.JMeterThread: Thread started: Grupo de Hilos 1-1
2025-03-17 14:55:33,191 INFO o.a.j.r.Summariser: Generar Resumen de Resultados +      1 in 00:00:00 =    2.7/s Avg:     0 Min:     0 Max:     0 Err:     1 (100.00%) Active: 1 Started: 1 Finished: 0
2025-03-17 14:55:33,191 INFO o.a.j.t.JMeterThread: Thread is done: Grupo de Hilos 1-1
2025-03-17 14:55:33,191 INFO o.a.j.t.JMeterThread: Thread finished: Grupo de Hilos 1-1
2025-03-17 14:55:33,191 INFO o.a.j.e.StandardJMeterEngine: Notifying test listeners of end of test
2025-03-17 14:55:33,195 INFO o.a.j.r.Summariser: Generar Resumen de Resultados +      1 in 00:00:00 =  100.0/s Avg:     0 Min:     0 Max:     0 Err:     1 (100.00%) Active: 0 Started: 1 Finished: 1
2025-03-17 14:55:33,195 INFO o.a.j.r.Summariser: Generar Resumen de Resultados =      2 in 00:00:00 =    5.3/s Avg:     0 Min:     0 Max:     0 Err:     2 (100.00%)
2025-03-17 14:55:33,195 INFO o.a.j.g.u.JMeterMenuBar: setRunning(false, *local*)
2025-03-17 15:01:34,811 INFO o.a.j.e.StandardJMeterEngine: Running the test!
2025-03-17 15:01:34,811 INFO o.a.j.s.SampleEvent: List of sample_variables: []
2025-03-17 15:01:34,811 INFO o.a.j.g.u.JMeterMenuBar: setRunning(true, *local*)
2025-03-17 15:01:35,235 INFO o.a.j.e.StandardJMeterEngine: Starting ThreadGroup: 1 : Grupo de Hilos
2025-03-17 15:01:35,235 INFO o.a.j.e.StandardJMeterEngine: Starting 1 threads for group Grupo de Hilos.
2025-03-17 15:01:35,235 INFO o.a.j.e.StandardJMeterEngine: Thread will continue on error
2025-03-17 15:01:35,235 INFO o.a.j.t.ThreadGroup: Starting thread group... number=1 threads=1 ramp-up=1 delayedStart=false
2025-03-17 15:01:35,240 INFO o.a.j.t.ThreadGroup: Started thread group number 1
2025-03-17 15:01:35,240 INFO o.a.j.e.StandardJMeterEngine: All thread groups have been started
2025-03-17 15:01:35,240 INFO o.a.j.t.JMeterThread: Thread started: Grupo de Hilos 1-1
2025-03-17 15:01:36,406 INFO o.a.j.t.JMeterThread: Thread is done: Grupo de Hilos 1-1
2025-03-17 15:01:36,406 INFO o.a.j.t.JMeterThread: Thread finished: Grupo de Hilos 1-1
2025-03-17 15:01:36,406 INFO o.a.j.e.StandardJMeterEngine: Notifying test listeners of end of test
2025-03-17 15:01:36,410 INFO o.a.j.r.Summariser: Generar Resumen de Resultados =      2 in 00:00:02 =    1.3/s Avg:   581 Min:   307 Max:   856 Err:     1 (50.00%)
2025-03-17 15:01:36,410 INFO o.a.j.g.u.JMeterMenuBar: setRunning(false, *local*)
2025-03-17 15:30:42,490 INFO o.a.j.e.StandardJMeterEngine: Running the test!
2025-03-17 15:30:42,490 INFO o.a.j.s.SampleEvent: List of sample_variables: []
2025-03-17 15:30:42,496 INFO o.a.j.g.u.JMeterMenuBar: setRunning(true, *local*)
2025-03-17 15:30:43,428 INFO o.a.j.e.StandardJMeterEngine: Starting ThreadGroup: 1 : Grupo de Hilos
2025-03-17 15:30:43,428 INFO o.a.j.e.StandardJMeterEngine: Starting 10 threads for group Grupo de Hilos.
2025-03-17 15:30:43,428 INFO o.a.j.e.StandardJMeterEngine: Thread will continue on error
2025-03-17 15:30:43,428 INFO o.a.j.t.ThreadGroup: Starting thread group... number=1 threads=10 ramp-up=10 delayedStart=false
2025-03-17 15:30:43,432 INFO o.a.j.t.JMeterThread: Thread started: Grupo de Hilos 1-1
2025-03-17 15:30:43,434 INFO o.a.j.t.ThreadGroup: Started thread group number 1
2025-03-17 15:30:43,434 INFO o.a.j.e.StandardJMeterEngine: All thread groups have been started
2025-03-17 15:30:44,445 INFO o.a.j.t.JMeterThread: Thread started: Grupo de Hilos 1-2
2025-03-17 15:30:44,471 INFO o.a.j.t.JMeterThread: Thread is done: Grupo de Hilos 1-1
2025-03-17 15:30:44,471 INFO o.a.j.t.JMeterThread: Thread finished: Grupo de Hilos 1-1
2025-03-17 15:30:45,116 INFO o.a.j.t.JMeterThread: Thread is done: Grupo de Hilos 1-2
2025-03-17 15:30:45,116 INFO o.a.j.t.JMeterThread: Thread finished: Grupo de Hilos 1-2
2025-03-17 15:30:45,463 INFO o.a.j.t.JMeterThread: Thread started: Grupo de Hilos 1-3
2025-03-17 15:30:46,010 INFO o.a.j.t.JMeterThread: Thread is done: Grupo de Hilos 1-3
2025-03-17 15:30:46,010 INFO o.a.j.t.JMeterThread: Thread finished: Grupo de Hilos 1-3
2025-03-17 15:30:46,498 INFO o.a.j.t.JMeterThread: Thread started: Grupo de Hilos 1-4
2025-03-17 15:30:46,976 INFO o.a.j.t.JMeterThread: Thread is done: Grupo de Hilos 1-4
2025-03-17 15:30:46,976 INFO o.a.j.t.JMeterThread: Thread finished: Grupo de Hilos 1-4
2025-03-17 15:30:47,481 INFO o.a.j.t.JMeterThread: Thread started: Grupo de Hilos 1-5
2025-03-17 15:30:47,978 INFO o.a.j.t.JMeterThread: Thread is done: Grupo de Hilos 1-5
2025-03-17 15:30:47,979 INFO o.a.j.t.JMeterThread: Thread finished: Grupo de Hilos 1-5
2025-03-17 15:30:48,434 INFO o.a.j.t.JMeterThread: Thread started: Grupo de Hilos 1-6
2025-03-17 15:30:48,932 INFO o.a.j.t.JMeterThread: Thread is done: Grupo de Hilos 1-6
2025-03-17 15:30:48,932 INFO o.a.j.t.JMeterThread: Thread finished: Grupo de Hilos 1-6
2025-03-17 15:30:49,431 INFO o.a.j.t.JMeterThread: Thread started: Grupo de Hilos 1-7
2025-03-17 15:30:50,293 INFO o.a.j.t.JMeterThread: Thread is done: Grupo de Hilos 1-7
2025-03-17 15:30:50,293 INFO o.a.j.t.JMeterThread: Thread finished: Grupo de Hilos 1-7
2025-03-17 15:30:50,434 INFO o.a.j.t.JMeterThread: Thread started: Grupo de Hilos 1-8
2025-03-17 15:30:51,011 INFO o.a.j.t.JMeterThread: Thread is done: Grupo de Hilos 1-8
2025-03-17 15:30:51,011 INFO o.a.j.t.JMeterThread: Thread finished: Grupo de Hilos 1-8
2025-03-17 15:30:51,444 INFO o.a.j.t.JMeterThread: Thread started: Grupo de Hilos 1-9
2025-03-17 15:30:52,138 INFO o.a.j.t.JMeterThread: Thread is done: Grupo de Hilos 1-9
2025-03-17 15:30:52,138 INFO o.a.j.t.JMeterThread: Thread finished: Grupo de Hilos 1-9
2025-03-17 15:30:52,431 INFO o.a.j.t.JMeterThread: Thread started: Grupo de Hilos 1-10
2025-03-17 15:30:53,151 INFO o.a.j.t.JMeterThread: Thread is done: Grupo de Hilos 1-10
2025-03-17 15:30:53,151 INFO o.a.j.t.JMeterThread: Thread finished: Grupo de Hilos 1-10
2025-03-17 15:30:53,162 INFO o.a.j.e.StandardJMeterEngine: Notifying test listeners of end of test
2025-03-17 15:30:53,162 INFO o.a.j.r.Summariser: Generar Resumen de Resultados =     10 in 00:00:11 =    0.9/s Avg:   656 Min:   477 Max:  1027 Err:     0 (0.00%)
2025-03-17 15:30:53,170 INFO o.a.j.g.u.JMeterMenuBar: setRunning(false, *local*)
2025-03-17 15:32:19,271 INFO o.a.j.e.StandardJMeterEngine: Running the test!
2025-03-17 15:32:19,272 INFO o.a.j.s.SampleEvent: List of sample_variables: []
2025-03-17 15:32:19,273 INFO o.a.j.g.u.JMeterMenuBar: setRunning(true, *local*)
2025-03-17 15:32:19,431 INFO o.a.j.e.StandardJMeterEngine: Starting ThreadGroup: 1 : Grupo de Hilos
2025-03-17 15:32:19,431 INFO o.a.j.e.StandardJMeterEngine: Starting 100 threads for group Grupo de Hilos.
2025-03-17 15:32:19,431 INFO o.a.j.e.StandardJMeterEngine: Thread will continue on error
2025-03-17 15:32:19,431 INFO o.a.j.t.ThreadGroup: Starting thread group... number=1 threads=100 ramp-up=100 delayedStart=false
2025-03-17 15:32:19,431 INFO o.a.j.t.JMeterThread: Thread started: Grupo de Hilos 1-1
2025-03-17 15:32:19,457 INFO o.a.j.t.ThreadGroup: Started thread group number 1
2025-03-17 15:32:19,457 INFO o.a.j.e.StandardJMeterEngine: All thread groups have been started
2025-03-17 15:32:20,439 INFO o.a.j.t.JMeterThread: Thread started: Grupo de Hilos 1-2
2025-03-17 15:32:21,438 INFO o.a.j.t.JMeterThread: Thread started: Grupo de Hilos 1-3
2025-03-17 15:32:22,439 INFO o.a.j.t.JMeterThread: Thread started: Grupo de Hilos 1-4
2025-03-17 15:32:22,785 INFO o.a.j.t.JMeterThread: Thread is done: Grupo de Hilos 1-1
2025-03-17 15:32:22,785 INFO o.a.j.t.JMeterThread: Thread finished: Grupo de Hilos 1-1
2025-03-17 15:32:23,432 INFO o.a.j.t.JMeterThread: Thread started: Grupo de Hilos 1-5
2025-03-17 15:32:23,972 INFO o.a.j.t.JMeterThread: Thread is done: Grupo de Hilos 1-2
2025-03-17 15:32:23,972 INFO o.a.j.t.JMeterThread: Thread finished: Grupo de Hilos 1-2
2025-03-17 15:32:24,232 INFO o.a.j.t.JMeterThread: Thread is done: Grupo de Hilos 1-3
2025-03-17 15:32:24,233 INFO o.a.j.t.JMeterThread: Thread finished: Grupo de Hilos 1-3
2025-03-17 15:32:24,432 INFO o.a.j.t.JMeterThread: Thread started: Grupo de Hilos 1-6
2025-03-17 15:32:25,097 INFO o.a.j.t.JMeterThread: Thread is done: Grupo de Hilos 1-4
2025-03-17 15:32:25,097 INFO o.a.j.t.JMeterThread: Thread finished: Grupo de Hilos 1-4
2025-03-17 15:32:25,438 INFO o.a.j.t.JMeterThread: Thread started: Grupo de Hilos 1-7
2025-03-17 15:32:26,061 INFO o.a.j.t.JMeterThread: Thread is done: Grupo de Hilos 1-5
2025-03-17 15:32:26,062 INFO o.a.j.t.JMeterThread: Thread finished: Grupo de Hilos 1-5
2025-03-17 15:32:26,437 INFO o.a.j.t.JMeterThread: Thread started: Grupo de Hilos 1-8
2025-03-17 15:32:27,187 INFO o.a.j.t.JMeterThread: Thread is done: Grupo de Hilos 1-6
2025-03-17 15:32:27,187 INFO o.a.j.t.JMeterThread: Thread finished: Grupo de Hilos 1-6
2025-03-17 15:32:27,432 INFO o.a.j.t.JMeterThread: Thread started: Grupo de Hilos 1-9
2025-03-17 15:32:28,051 INFO o.a.j.t.JMeterThread: Thread is done: Grupo de Hilos 1-7
2025-03-17 15:32:28,051 INFO o.a.j.t.JMeterThread: Thread finished: Grupo de Hilos 1-7
2025-03-17 15:32:28,439 INFO o.a.j.t.JMeterThread: Thread started: Grupo de Hilos 1-10
2025-03-17 15:32:29,133 INFO o.a.j.t.JMeterThread: Thread is done: Grupo de Hilos 1-8
2025-03-17 15:32:29,133 INFO o.a.j.t.JMeterThread: Thread finished: Grupo de Hilos 1-8
2025-03-17 15:32:29,438 INFO o.a.j.t.JMeterThread: Thread started: Grupo de Hilos 1-11
2025-03-17 15:32:30,121 INFO o.a.j.r.Summariser: Generar Resumen de Resultados +     96 in 00:00:11 =    8.9/s Avg:   287 Min:   215 Max:   784 Err:     0 (0.00%) Active: 3 Started: 11 Finished: 8
2025-03-17 15:32:30,172 INFO o.a.j.t.JMeterThread: Thread is done: Grupo de Hilos 1-9
2025-03-17 15:32:30,172 INFO o.a.j.t.JMeterThread: Thread finished: Grupo de Hilos 1-9
2025-03-17 15:32:30,431 INFO o.a.j.t.JMeterThread: Thread started: Grupo de Hilos 1-12
2025-03-17 15:32:31,253 INFO o.a.j.t.JMeterThread: Thread is done: Grupo de Hilos 1-10
2025-03-17 15:32:31,253 INFO o.a.j.t.JMeterThread: Thread finished: Grupo de Hilos 1-10
2025-03-17 15:32:31,432 INFO o.a.j.t.JMeterThread: Thread started: Grupo de Hilos 1-13
2025-03-17 15:32:32,218 INFO o.a.j.t.JMeterThread: Thread is done: Grupo de Hilos 1-11
2025-03-17 15:32:32,218 INFO o.a.j.t.JMeterThread: Thread finished: Grupo de Hilos 1-11
2025-03-17 15:32:32,431 INFO o.a.j.t.JMeterThread: Thread started: Grupo de Hilos 1-14
2025-03-17 15:32:33,433 INFO o.a.j.t.JMeterThread: Thread started: Grupo de Hilos 1-15
2025-03-17 15:32:33,609 INFO o.a.j.t.JMeterThread: Thread is done: Grupo de Hilos 1-12
2025-03-17 15:32:33,609 INFO o.a.j.t.JMeterThread: Thread finished: Grupo de Hilos 1-12
2025-03-17 15:32:34,048 INFO o.a.j.t.JMeterThread: Thread is done: Grupo de Hilos 1-13
2025-03-17 15:32:34,048 INFO o.a.j.t.JMeterThread: Thread finished: Grupo de Hilos 1-13
2025-03-17 15:32:34,433 INFO o.a.j.t.JMeterThread: Thread started: Grupo de Hilos 1-16
2025-03-17 15:32:35,102 INFO o.a.j.t.JMeterThread: Thread is done: Grupo de Hilos 1-14
2025-03-17 15:32:35,102 INFO o.a.j.t.JMeterThread: Thread finished: Grupo de Hilos 1-14
2025-03-17 15:32:35,433 INFO o.a.j.t.JMeterThread: Thread started: Grupo de Hilos 1-17
2025-03-17 15:32:36,211 INFO o.a.j.t.JMeterThread: Thread is done: Grupo de Hilos 1-15
2025-03-17 15:32:36,211 INFO o.a.j.t.JMeterThread: Thread finished: Grupo de Hilos 1-15
2025-03-17 15:32:36,432 INFO o.a.j.t.JMeterThread: Thread started: Grupo de Hilos 1-18
2025-03-17 15:32:37,167 INFO o.a.j.t.JMeterThread: Thread is done: Grupo de Hilos 1-16
2025-03-17 15:32:37,167 INFO o.a.j.t.JMeterThread: Thread finished: Grupo de Hilos 1-16
2025-03-17 15:32:37,432 INFO o.a.j.t.JMeterThread: Thread started: Grupo de Hilos 1-19
2025-03-17 15:32:38,085 INFO o.a.j.t.JMeterThread: Thread is done: Grupo de Hilos 1-17
2025-03-17 15:32:38,085 INFO o.a.j.t.JMeterThread: Thread finished: Grupo de Hilos 1-17
2025-03-17 15:32:38,432 INFO o.a.j.t.JMeterThread: Thread started: Grupo de Hilos 1-20
2025-03-17 15:32:39,095 INFO o.a.j.t.JMeterThread: Thread is done: Grupo de Hilos 1-18
2025-03-17 15:32:39,095 INFO o.a.j.t.JMeterThread: Thread finished: Grupo de Hilos 1-18
2025-03-17 15:32:39,439 INFO o.a.j.t.JMeterThread: Thread started: Grupo de Hilos 1-21
2025-03-17 15:32:40,218 INFO o.a.j.t.JMeterThread: Thread is done: Grupo de Hilos 1-19
2025-03-17 15:32:40,218 INFO o.a.j.t.JMeterThread: Thread finished: Grupo de Hilos 1-19
2025-03-17 15:32:40,447 INFO o.a.j.t.JMeterThread: Thread started: Grupo de Hilos 1-22
2025-03-17 15:32:41,176 INFO o.a.j.t.JMeterThread: Thread is done: Grupo de Hilos 1-20
2025-03-17 15:32:41,176 INFO o.a.j.t.JMeterThread: Thread finished: Grupo de Hilos 1-20
2025-03-17 15:32:41,434 INFO o.a.j.t.JMeterThread: Thread started: Grupo de Hilos 1-23
2025-03-17 15:32:42,147 INFO o.a.j.t.JMeterThread: Thread is done: Grupo de Hilos 1-21
2025-03-17 15:32:42,147 INFO o.a.j.t.JMeterThread: Thread finished: Grupo de Hilos 1-21
2025-03-17 15:32:42,434 INFO o.a.j.t.JMeterThread: Thread started: Grupo de Hilos 1-24
2025-03-17 15:32:43,167 INFO o.a.j.t.JMeterThread: Thread is done: Grupo de Hilos 1-22
2025-03-17 15:32:43,167 INFO o.a.j.t.JMeterThread: Thread finished: Grupo de Hilos 1-22
2025-03-17 15:32:43,435 INFO o.a.j.t.JMeterThread: Thread started: Grupo de Hilos 1-25
2025-03-17 15:32:44,212 INFO o.a.j.t.JMeterThread: Thread is done: Grupo de Hilos 1-23
2025-03-17 15:32:44,213 INFO o.a.j.t.JMeterThread: Thread finished: Grupo de Hilos 1-23
2025-03-17 15:32:44,439 INFO o.a.j.t.JMeterThread: Thread started: Grupo de Hilos 1-26
2025-03-17 15:32:45,219 INFO o.a.j.t.JMeterThread: Thread is done: Grupo de Hilos 1-24
2025-03-17 15:32:45,220 INFO o.a.j.t.JMeterThread: Thread finished: Grupo de Hilos 1-24
2025-03-17 15:32:45,441 INFO o.a.j.t.JMeterThread: Thread started: Grupo de Hilos 1-27
2025-03-17 15:32:46,183 INFO o.a.j.t.JMeterThread: Thread is done: Grupo de Hilos 1-25
2025-03-17 15:32:46,183 INFO o.a.j.t.JMeterThread: Thread finished: Grupo de Hilos 1-25
2025-03-17 15:32:46,440 INFO o.a.j.t.JMeterThread: Thread started: Grupo de Hilos 1-28
2025-03-17 15:32:47,215 INFO o.a.j.t.JMeterThread: Thread is done: Grupo de Hilos 1-26
2025-03-17 15:32:47,216 INFO o.a.j.t.JMeterThread: Thread finished: Grupo de Hilos 1-26
2025-03-17 15:32:47,437 INFO o.a.j.t.JMeterThread: Thread started: Grupo de Hilos 1-29
2025-03-17 15:32:48,209 INFO o.a.j.t.JMeterThread: Thread is done: Grupo de Hilos 1-27
2025-03-17 15:32:48,209 INFO o.a.j.t.JMeterThread: Thread finished: Grupo de Hilos 1-27
2025-03-17 15:32:48,440 INFO o.a.j.t.JMeterThread: Thread started: Grupo de Hilos 1-30
2025-03-17 15:32:49,249 INFO o.a.j.t.JMeterThread: Thread is done: Grupo de Hilos 1-28
2025-03-17 15:32:49,249 INFO o.a.j.t.JMeterThread: Thread finished: Grupo de Hilos 1-28
2025-03-17 15:32:49,440 INFO o.a.j.t.JMeterThread: Thread started: Grupo de Hilos 1-31
2025-03-17 15:32:50,203 INFO o.a.j.t.JMeterThread: Thread is done: Grupo de Hilos 1-29
2025-03-17 15:32:50,204 INFO o.a.j.t.JMeterThread: Thread finished: Grupo de Hilos 1-29
2025-03-17 15:32:50,439 INFO o.a.j.t.JMeterThread: Thread started: Grupo de Hilos 1-32
2025-03-17 15:32:51,224 INFO o.a.j.t.JMeterThread: Thread is done: Grupo de Hilos 1-30
2025-03-17 15:32:51,224 INFO o.a.j.t.JMeterThread: Thread finished: Grupo de Hilos 1-30
2025-03-17 15:32:51,438 INFO o.a.j.t.JMeterThread: Thread started: Grupo de Hilos 1-33
2025-03-17 15:32:52,438 INFO o.a.j.t.JMeterThread: Thread started: Grupo de Hilos 1-34
2025-03-17 15:32:52,616 INFO o.a.j.t.JMeterThread: Thread is done: Grupo de Hilos 1-31
2025-03-17 15:32:52,616 INFO o.a.j.t.JMeterThread: Thread finished: Grupo de Hilos 1-31
2025-03-17 15:32:53,227 INFO o.a.j.t.JMeterThread: Thread is done: Grupo de Hilos 1-32
2025-03-17 15:32:53,227 INFO o.a.j.t.JMeterThread: Thread finished: Grupo de Hilos 1-32
2025-03-17 15:32:53,435 INFO o.a.j.t.JMeterThread: Thread started: Grupo de Hilos 1-35
2025-03-17 15:32:54,250 INFO o.a.j.t.JMeterThread: Thread is done: Grupo de Hilos 1-33
2025-03-17 15:32:54,250 INFO o.a.j.t.JMeterThread: Thread finished: Grupo de Hilos 1-33
2025-03-17 15:32:54,455 INFO o.a.j.t.JMeterThread: Thread started: Grupo de Hilos 1-36
2025-03-17 15:32:55,439 INFO o.a.j.t.JMeterThread: Thread started: Grupo de Hilos 1-37
2025-03-17 15:32:55,602 INFO o.a.j.t.JMeterThread: Thread is done: Grupo de Hilos 1-34
2025-03-17 15:32:55,602 INFO o.a.j.t.JMeterThread: Thread finished: Grupo de Hilos 1-34
2025-03-17 15:32:56,094 INFO o.a.j.t.JMeterThread: Thread is done: Grupo de Hilos 1-35
2025-03-17 15:32:56,094 INFO o.a.j.t.JMeterThread: Thread finished: Grupo de Hilos 1-35
2025-03-17 15:32:56,438 INFO o.a.j.t.JMeterThread: Thread started: Grupo de Hilos 1-38
2025-03-17 15:32:57,182 INFO o.a.j.t.JMeterThread: Thread is done: Grupo de Hilos 1-36
2025-03-17 15:32:57,182 INFO o.a.j.t.JMeterThread: Thread finished: Grupo de Hilos 1-36
2025-03-17 15:32:57,433 INFO o.a.j.t.JMeterThread: Thread started: Grupo de Hilos 1-39
2025-03-17 15:32:58,275 INFO o.a.j.t.JMeterThread: Thread is done: Grupo de Hilos 1-37
2025-03-17 15:32:58,275 INFO o.a.j.t.JMeterThread: Thread finished: Grupo de Hilos 1-37
2025-03-17 15:32:58,437 INFO o.a.j.t.JMeterThread: Thread started: Grupo de Hilos 1-40
2025-03-17 15:32:59,135 INFO o.a.j.t.JMeterThread: Thread is done: Grupo de Hilos 1-38
2025-03-17 15:32:59,135 INFO o.a.j.t.JMeterThread: Thread finished: Grupo de Hilos 1-38
2025-03-17 15:32:59,432 INFO o.a.j.t.JMeterThread: Thread started: Grupo de Hilos 1-41
2025-03-17 15:33:00,011 INFO o.a.j.r.Summariser: Generar Resumen de Resultados +    298 in 00:00:30 =   10.0/s Avg:   277 Min:   218 Max:   619 Err:     0 (0.00%) Active: 3 Started: 41 Finished: 38
2025-03-17 15:33:00,012 INFO o.a.j.r.Summariser: Generar Resumen de Resultados =    394 in 00:00:41 =    9.7/s Avg:   279 Min:   215 Max:   784 Err:     0 (0.00%)
2025-03-17 15:33:00,277 INFO o.a.j.t.JMeterThread: Thread is done: Grupo de Hilos 1-39
2025-03-17 15:33:00,278 INFO o.a.j.t.JMeterThread: Thread finished: Grupo de Hilos 1-39
2025-03-17 15:33:00,436 INFO o.a.j.t.JMeterThread: Thread started: Grupo de Hilos 1-42
2025-03-17 15:33:01,278 INFO o.a.j.t.JMeterThread: Thread is done: Grupo de Hilos 1-40
2025-03-17 15:33:01,278 INFO o.a.j.t.JMeterThread: Thread finished: Grupo de Hilos 1-40
2025-03-17 15:33:01,437 INFO o.a.j.t.JMeterThread: Thread started: Grupo de Hilos 1-43
2025-03-17 15:33:02,130 INFO o.a.j.t.JMeterThread: Thread is done: Grupo de Hilos 1-41
2025-03-17 15:33:02,130 INFO o.a.j.t.JMeterThread: Thread finished: Grupo de Hilos 1-41
2025-03-17 15:33:02,437 INFO o.a.j.t.JMeterThread: Thread started: Grupo de Hilos 1-44
2025-03-17 15:33:03,445 INFO o.a.j.t.JMeterThread: Thread started: Grupo de Hilos 1-45
2025-03-17 15:33:03,572 INFO o.a.j.t.JMeterThread: Thread is done: Grupo de Hilos 1-42
2025-03-17 15:33:03,572 INFO o.a.j.t.JMeterThread: Thread finished: Grupo de Hilos 1-42
2025-03-17 15:33:04,444 INFO o.a.j.t.JMeterThread: Thread started: Grupo de Hilos 1-46
2025-03-17 15:33:04,784 INFO o.a.j.t.JMeterThread: Thread is done: Grupo de Hilos 1-43
2025-03-17 15:33:04,784 INFO o.a.j.t.JMeterThread: Thread finished: Grupo de Hilos 1-43
2025-03-17 15:33:05,443 INFO o.a.j.t.JMeterThread: Thread started: Grupo de Hilos 1-47
2025-03-17 15:33:05,619 INFO o.a.j.t.JMeterThread: Thread is done: Grupo de Hilos 1-44
2025-03-17 15:33:05,619 INFO o.a.j.t.JMeterThread: Thread finished: Grupo de Hilos 1-44
2025-03-17 15:33:06,291 INFO o.a.j.t.JMeterThread: Thread is done: Grupo de Hilos 1-45
2025-03-17 15:33:06,291 INFO o.a.j.t.JMeterThread: Thread finished: Grupo de Hilos 1-45
2025-03-17 15:33:06,443 INFO o.a.j.t.JMeterThread: Thread started: Grupo de Hilos 1-48
2025-03-17 15:33:07,132 INFO o.a.j.t.JMeterThread: Thread is done: Grupo de Hilos 1-46
2025-03-17 15:33:07,132 INFO o.a.j.t.JMeterThread: Thread finished: Grupo de Hilos 1-46
2025-03-17 15:33:07,456 INFO o.a.j.t.JMeterThread: Thread started: Grupo de Hilos 1-49
2025-03-17 15:33:08,121 INFO o.a.j.t.JMeterThread: Thread is done: Grupo de Hilos 1-47
2025-03-17 15:33:08,122 INFO o.a.j.t.JMeterThread: Thread finished: Grupo de Hilos 1-47
2025-03-17 15:33:08,443 INFO o.a.j.t.JMeterThread: Thread started: Grupo de Hilos 1-50
2025-03-17 15:33:09,338 INFO o.a.j.t.JMeterThread: Thread is done: Grupo de Hilos 1-48
2025-03-17 15:33:09,338 INFO o.a.j.t.JMeterThread: Thread finished: Grupo de Hilos 1-48
2025-03-17 15:33:09,443 INFO o.a.j.t.JMeterThread: Thread started: Grupo de Hilos 1-51
2025-03-17 15:33:10,313 INFO o.a.j.t.JMeterThread: Thread is done: Grupo de Hilos 1-49
2025-03-17 15:33:10,313 INFO o.a.j.t.JMeterThread: Thread finished: Grupo de Hilos 1-49
2025-03-17 15:33:10,444 INFO o.a.j.t.JMeterThread: Thread started: Grupo de Hilos 1-52
2025-03-17 15:33:11,094 INFO o.a.j.t.JMeterThread: Thread is done: Grupo de Hilos 1-50
2025-03-17 15:33:11,094 INFO o.a.j.t.JMeterThread: Thread finished: Grupo de Hilos 1-50
2025-03-17 15:33:11,442 INFO o.a.j.t.JMeterThread: Thread started: Grupo de Hilos 1-53
2025-03-17 15:33:12,221 INFO o.a.j.t.JMeterThread: Thread is done: Grupo de Hilos 1-51
2025-03-17 15:33:12,221 INFO o.a.j.t.JMeterThread: Thread finished: Grupo de Hilos 1-51
2025-03-17 15:33:12,442 INFO o.a.j.t.JMeterThread: Thread started: Grupo de Hilos 1-54
2025-03-17 15:33:13,316 INFO o.a.j.t.JMeterThread: Thread is done: Grupo de Hilos 1-52
2025-03-17 15:33:13,316 INFO o.a.j.t.JMeterThread: Thread finished: Grupo de Hilos 1-52
2025-03-17 15:33:13,443 INFO o.a.j.t.JMeterThread: Thread started: Grupo de Hilos 1-55
2025-03-17 15:33:14,441 INFO o.a.j.t.JMeterThread: Thread started: Grupo de Hilos 1-56
2025-03-17 15:33:14,604 INFO o.a.j.t.JMeterThread: Thread is done: Grupo de Hilos 1-53
2025-03-17 15:33:14,605 INFO o.a.j.t.JMeterThread: Thread finished: Grupo de Hilos 1-53
2025-03-17 15:33:15,134 INFO o.a.j.t.JMeterThread: Thread is done: Grupo de Hilos 1-54
2025-03-17 15:33:15,135 INFO o.a.j.t.JMeterThread: Thread finished: Grupo de Hilos 1-54
2025-03-17 15:33:15,442 INFO o.a.j.t.JMeterThread: Thread started: Grupo de Hilos 1-57
2025-03-17 15:33:16,205 INFO o.a.j.t.JMeterThread: Thread is done: Grupo de Hilos 1-55
2025-03-17 15:33:16,205 INFO o.a.j.t.JMeterThread: Thread finished: Grupo de Hilos 1-55
2025-03-17 15:33:16,455 INFO o.a.j.t.JMeterThread: Thread started: Grupo de Hilos 1-58
2025-03-17 15:33:17,171 INFO o.a.j.t.JMeterThread: Thread is done: Grupo de Hilos 1-56
2025-03-17 15:33:17,172 INFO o.a.j.t.JMeterThread: Thread finished: Grupo de Hilos 1-56
2025-03-17 15:33:17,441 INFO o.a.j.t.JMeterThread: Thread started: Grupo de Hilos 1-59
2025-03-17 15:33:18,122 INFO o.a.j.t.JMeterThread: Thread is done: Grupo de Hilos 1-57
2025-03-17 15:33:18,122 INFO o.a.j.t.JMeterThread: Thread finished: Grupo de Hilos 1-57
2025-03-17 15:33:18,446 INFO o.a.j.t.JMeterThread: Thread started: Grupo de Hilos 1-60
2025-03-17 15:33:19,143 INFO o.a.j.t.JMeterThread: Thread is done: Grupo de Hilos 1-58
2025-03-17 15:33:19,143 INFO o.a.j.t.JMeterThread: Thread finished: Grupo de Hilos 1-58
2025-03-17 15:33:19,446 INFO o.a.j.t.JMeterThread: Thread started: Grupo de Hilos 1-61
2025-03-17 15:33:20,225 INFO o.a.j.t.JMeterThread: Thread is done: Grupo de Hilos 1-59
2025-03-17 15:33:20,225 INFO o.a.j.t.JMeterThread: Thread finished: Grupo de Hilos 1-59
2025-03-17 15:33:20,432 INFO o.a.j.t.JMeterThread: Thread started: Grupo de Hilos 1-62
2025-03-17 15:33:21,166 INFO o.a.j.t.JMeterThread: Thread is done: Grupo de Hilos 1-60
2025-03-17 15:33:21,166 INFO o.a.j.t.JMeterThread: Thread finished: Grupo de Hilos 1-60
2025-03-17 15:33:21,454 INFO o.a.j.t.JMeterThread: Thread started: Grupo de Hilos 1-63
2025-03-17 15:33:22,211 INFO o.a.j.t.JMeterThread: Thread is done: Grupo de Hilos 1-61
2025-03-17 15:33:22,211 INFO o.a.j.t.JMeterThread: Thread finished: Grupo de Hilos 1-61
2025-03-17 15:33:22,446 INFO o.a.j.t.JMeterThread: Thread started: Grupo de Hilos 1-64
2025-03-17 15:33:23,252 INFO o.a.j.t.JMeterThread: Thread is done: Grupo de Hilos 1-62
2025-03-17 15:33:23,252 INFO o.a.j.t.JMeterThread: Thread finished: Grupo de Hilos 1-62
2025-03-17 15:33:23,433 INFO o.a.j.t.JMeterThread: Thread started: Grupo de Hilos 1-65
2025-03-17 15:33:24,215 INFO o.a.j.t.JMeterThread: Thread is done: Grupo de Hilos 1-63
2025-03-17 15:33:24,215 INFO o.a.j.t.JMeterThread: Thread finished: Grupo de Hilos 1-63
2025-03-17 15:33:24,440 INFO o.a.j.t.JMeterThread: Thread started: Grupo de Hilos 1-66
2025-03-17 15:33:25,446 INFO o.a.j.t.JMeterThread: Thread started: Grupo de Hilos 1-67
2025-03-17 15:33:25,852 INFO o.a.j.t.JMeterThread: Thread is done: Grupo de Hilos 1-64
2025-03-17 15:33:25,852 INFO o.a.j.t.JMeterThread: Thread finished: Grupo de Hilos 1-64
2025-03-17 15:33:26,439 INFO o.a.j.t.JMeterThread: Thread started: Grupo de Hilos 1-68
2025-03-17 15:33:27,126 INFO o.a.j.t.JMeterThread: Thread is done: Grupo de Hilos 1-65
2025-03-17 15:33:27,127 INFO o.a.j.t.JMeterThread: Thread finished: Grupo de Hilos 1-65
2025-03-17 15:33:27,439 INFO o.a.j.t.JMeterThread: Thread started: Grupo de Hilos 1-69
2025-03-17 15:33:27,630 INFO o.a.j.t.JMeterThread: Thread is done: Grupo de Hilos 1-66
2025-03-17 15:33:27,630 INFO o.a.j.t.JMeterThread: Thread finished: Grupo de Hilos 1-66
2025-03-17 15:33:28,446 INFO o.a.j.t.JMeterThread: Thread started: Grupo de Hilos 1-70
2025-03-17 15:33:29,231 INFO o.a.j.t.JMeterThread: Thread is done: Grupo de Hilos 1-68
2025-03-17 15:33:29,239 INFO o.a.j.t.JMeterThread: Thread finished: Grupo de Hilos 1-68
2025-03-17 15:33:29,440 INFO o.a.j.t.JMeterThread: Thread started: Grupo de Hilos 1-71
2025-03-17 15:33:29,682 INFO o.a.j.t.JMeterThread: Thread is done: Grupo de Hilos 1-67
2025-03-17 15:33:29,682 INFO o.a.j.t.JMeterThread: Thread finished: Grupo de Hilos 1-67
2025-03-17 15:33:30,171 INFO o.a.j.r.Summariser: Generar Resumen de Resultados +    299 in 00:00:30 =    9.9/s Avg:   281 Min:   205 Max:   679 Err:     0 (0.00%) Active: 3 Started: 71 Finished: 68
2025-03-17 15:33:30,172 INFO o.a.j.r.Summariser: Generar Resumen de Resultados =    693 in 00:01:11 =    9.8/s Avg:   280 Min:   205 Max:   784 Err:     0 (0.00%)
2025-03-17 15:33:30,440 INFO o.a.j.t.JMeterThread: Thread started: Grupo de Hilos 1-72
2025-03-17 15:33:30,703 INFO o.a.j.t.JMeterThread: Thread is done: Grupo de Hilos 1-69
2025-03-17 15:33:30,703 INFO o.a.j.t.JMeterThread: Thread finished: Grupo de Hilos 1-69
2025-03-17 15:33:31,442 INFO o.a.j.t.JMeterThread: Thread started: Grupo de Hilos 1-73
2025-03-17 15:33:31,680 INFO o.a.j.t.JMeterThread: Thread is done: Grupo de Hilos 1-70
2025-03-17 15:33:31,680 INFO o.a.j.t.JMeterThread: Thread finished: Grupo de Hilos 1-70
2025-03-17 15:33:32,433 INFO o.a.j.t.JMeterThread: Thread started: Grupo de Hilos 1-74
2025-03-17 15:33:32,699 INFO o.a.j.t.JMeterThread: Thread is done: Grupo de Hilos 1-71
2025-03-17 15:33:32,699 INFO o.a.j.t.JMeterThread: Thread finished: Grupo de Hilos 1-71
2025-03-17 15:33:33,197 INFO o.a.j.t.JMeterThread: Thread is done: Grupo de Hilos 1-72
2025-03-17 15:33:33,197 INFO o.a.j.t.JMeterThread: Thread finished: Grupo de Hilos 1-72
2025-03-17 15:33:33,439 INFO o.a.j.t.JMeterThread: Thread started: Grupo de Hilos 1-75
2025-03-17 15:33:34,447 INFO o.a.j.t.JMeterThread: Thread started: Grupo de Hilos 1-76
2025-03-17 15:33:34,511 INFO o.a.j.t.JMeterThread: Thread is done: Grupo de Hilos 1-73
2025-03-17 15:33:34,511 INFO o.a.j.t.JMeterThread: Thread finished: Grupo de Hilos 1-73
2025-03-17 15:33:35,446 INFO o.a.j.t.JMeterThread: Thread started: Grupo de Hilos 1-77
2025-03-17 15:33:36,446 INFO o.a.j.t.JMeterThread: Thread started: Grupo de Hilos 1-78
2025-03-17 15:33:36,486 INFO o.a.j.t.JMeterThread: Thread is done: Grupo de Hilos 1-75
2025-03-17 15:33:36,486 INFO o.a.j.t.JMeterThread: Thread finished: Grupo de Hilos 1-75
2025-03-17 15:33:36,773 INFO o.a.j.t.JMeterThread: Thread is done: Grupo de Hilos 1-74
2025-03-17 15:33:36,773 INFO o.a.j.t.JMeterThread: Thread finished: Grupo de Hilos 1-74
2025-03-17 15:33:37,271 INFO o.a.j.t.JMeterThread: Thread is done: Grupo de Hilos 1-76
2025-03-17 15:33:37,271 INFO o.a.j.t.JMeterThread: Thread finished: Grupo de Hilos 1-76
2025-03-17 15:33:37,447 INFO o.a.j.t.JMeterThread: Thread started: Grupo de Hilos 1-79
2025-03-17 15:33:38,337 INFO o.a.j.t.JMeterThread: Thread is done: Grupo de Hilos 1-77
2025-03-17 15:33:38,337 INFO o.a.j.t.JMeterThread: Thread finished: Grupo de Hilos 1-77
2025-03-17 15:33:38,445 INFO o.a.j.t.JMeterThread: Thread started: Grupo de Hilos 1-80
2025-03-17 15:33:39,291 INFO o.a.j.t.JMeterThread: Thread is done: Grupo de Hilos 1-78
2025-03-17 15:33:39,291 INFO o.a.j.t.JMeterThread: Thread finished: Grupo de Hilos 1-78
2025-03-17 15:33:39,446 INFO o.a.j.t.JMeterThread: Thread started: Grupo de Hilos 1-81
2025-03-17 15:33:40,287 INFO o.a.j.t.JMeterThread: Thread is done: Grupo de Hilos 1-79
2025-03-17 15:33:40,287 INFO o.a.j.t.JMeterThread: Thread finished: Grupo de Hilos 1-79
2025-03-17 15:33:40,446 INFO o.a.j.t.JMeterThread: Thread started: Grupo de Hilos 1-82
2025-03-17 15:33:41,296 INFO o.a.j.t.JMeterThread: Thread is done: Grupo de Hilos 1-80
2025-03-17 15:33:41,296 INFO o.a.j.t.JMeterThread: Thread finished: Grupo de Hilos 1-80
2025-03-17 15:33:41,432 INFO o.a.j.t.JMeterThread: Thread started: Grupo de Hilos 1-83
2025-03-17 15:33:42,249 INFO o.a.j.t.JMeterThread: Thread is done: Grupo de Hilos 1-81
2025-03-17 15:33:42,249 INFO o.a.j.t.JMeterThread: Thread finished: Grupo de Hilos 1-81
2025-03-17 15:33:42,439 INFO o.a.j.t.JMeterThread: Thread started: Grupo de Hilos 1-84
2025-03-17 15:33:43,308 INFO o.a.j.t.JMeterThread: Thread is done: Grupo de Hilos 1-82
2025-03-17 15:33:43,309 INFO o.a.j.t.JMeterThread: Thread finished: Grupo de Hilos 1-82
2025-03-17 15:33:43,440 INFO o.a.j.t.JMeterThread: Thread started: Grupo de Hilos 1-85
2025-03-17 15:33:44,217 INFO o.a.j.t.JMeterThread: Thread is done: Grupo de Hilos 1-83
2025-03-17 15:33:44,217 INFO o.a.j.t.JMeterThread: Thread finished: Grupo de Hilos 1-83
2025-03-17 15:33:44,447 INFO o.a.j.t.JMeterThread: Thread started: Grupo de Hilos 1-86
2025-03-17 15:33:45,239 INFO o.a.j.t.JMeterThread: Thread is done: Grupo de Hilos 1-84
2025-03-17 15:33:45,240 INFO o.a.j.t.JMeterThread: Thread finished: Grupo de Hilos 1-84
2025-03-17 15:33:45,439 INFO o.a.j.t.JMeterThread: Thread started: Grupo de Hilos 1-87
2025-03-17 15:33:46,245 INFO o.a.j.t.JMeterThread: Thread is done: Grupo de Hilos 1-85
2025-03-17 15:33:46,245 INFO o.a.j.t.JMeterThread: Thread finished: Grupo de Hilos 1-85
2025-03-17 15:33:46,431 INFO o.a.j.t.JMeterThread: Thread started: Grupo de Hilos 1-88
2025-03-17 15:33:47,111 INFO o.a.j.t.JMeterThread: Thread is done: Grupo de Hilos 1-86
2025-03-17 15:33:47,111 INFO o.a.j.t.JMeterThread: Thread finished: Grupo de Hilos 1-86
2025-03-17 15:33:47,431 INFO o.a.j.t.JMeterThread: Thread started: Grupo de Hilos 1-89
2025-03-17 15:33:48,163 INFO o.a.j.t.JMeterThread: Thread is done: Grupo de Hilos 1-87
2025-03-17 15:33:48,163 INFO o.a.j.t.JMeterThread: Thread finished: Grupo de Hilos 1-87
2025-03-17 15:33:48,432 INFO o.a.j.t.JMeterThread: Thread started: Grupo de Hilos 1-90
2025-03-17 15:33:49,100 INFO o.a.j.t.JMeterThread: Thread is done: Grupo de Hilos 1-88
2025-03-17 15:33:49,102 INFO o.a.j.t.JMeterThread: Thread finished: Grupo de Hilos 1-88
2025-03-17 15:33:49,433 INFO o.a.j.t.JMeterThread: Thread started: Grupo de Hilos 1-91
2025-03-17 15:33:50,057 INFO o.a.j.t.JMeterThread: Thread is done: Grupo de Hilos 1-89
2025-03-17 15:33:50,057 INFO o.a.j.t.JMeterThread: Thread finished: Grupo de Hilos 1-89
2025-03-17 15:33:50,432 INFO o.a.j.t.JMeterThread: Thread started: Grupo de Hilos 1-92
2025-03-17 15:33:51,434 INFO o.a.j.t.JMeterThread: Thread started: Grupo de Hilos 1-93
2025-03-17 15:33:51,493 INFO o.a.j.t.JMeterThread: Thread is done: Grupo de Hilos 1-90
2025-03-17 15:33:51,493 INFO o.a.j.t.JMeterThread: Thread finished: Grupo de Hilos 1-90
2025-03-17 15:33:52,151 INFO o.a.j.t.JMeterThread: Thread is done: Grupo de Hilos 1-91
2025-03-17 15:33:52,151 INFO o.a.j.t.JMeterThread: Thread finished: Grupo de Hilos 1-91
2025-03-17 15:33:52,432 INFO o.a.j.t.JMeterThread: Thread started: Grupo de Hilos 1-94
2025-03-17 15:33:53,154 INFO o.a.j.t.JMeterThread: Thread is done: Grupo de Hilos 1-92
2025-03-17 15:33:53,154 INFO o.a.j.t.JMeterThread: Thread finished: Grupo de Hilos 1-92
2025-03-17 15:33:53,432 INFO o.a.j.t.JMeterThread: Thread started: Grupo de Hilos 1-95
2025-03-17 15:33:54,138 INFO o.a.j.t.JMeterThread: Thread is done: Grupo de Hilos 1-93
2025-03-17 15:33:54,138 INFO o.a.j.t.JMeterThread: Thread finished: Grupo de Hilos 1-93
2025-03-17 15:33:54,433 INFO o.a.j.t.JMeterThread: Thread started: Grupo de Hilos 1-96
2025-03-17 15:33:55,191 INFO o.a.j.t.JMeterThread: Thread is done: Grupo de Hilos 1-94
2025-03-17 15:33:55,191 INFO o.a.j.t.JMeterThread: Thread finished: Grupo de Hilos 1-94
2025-03-17 15:33:55,432 INFO o.a.j.t.JMeterThread: Thread started: Grupo de Hilos 1-97
2025-03-17 15:33:56,299 INFO o.a.j.t.JMeterThread: Thread is done: Grupo de Hilos 1-95
2025-03-17 15:33:56,299 INFO o.a.j.t.JMeterThread: Thread finished: Grupo de Hilos 1-95
2025-03-17 15:33:56,431 INFO o.a.j.t.JMeterThread: Thread started: Grupo de Hilos 1-98
2025-03-17 15:33:57,421 INFO o.a.j.t.JMeterThread: Thread is done: Grupo de Hilos 1-96
2025-03-17 15:33:57,421 INFO o.a.j.t.JMeterThread: Thread finished: Grupo de Hilos 1-96
2025-03-17 15:33:57,432 INFO o.a.j.t.JMeterThread: Thread started: Grupo de Hilos 1-99
2025-03-17 15:33:58,432 INFO o.a.j.t.JMeterThread: Thread started: Grupo de Hilos 1-100
2025-03-17 15:33:58,521 INFO o.a.j.t.JMeterThread: Thread is done: Grupo de Hilos 1-97
2025-03-17 15:33:58,521 INFO o.a.j.t.JMeterThread: Thread finished: Grupo de Hilos 1-97
2025-03-17 15:33:59,198 INFO o.a.j.t.JMeterThread: Thread is done: Grupo de Hilos 1-98
2025-03-17 15:33:59,198 INFO o.a.j.t.JMeterThread: Thread finished: Grupo de Hilos 1-98
2025-03-17 15:34:00,086 INFO o.a.j.r.Summariser: Generar Resumen de Resultados +    300 in 00:00:30 =   10.0/s Avg:   275 Min:   213 Max:   771 Err:     0 (0.00%) Active: 2 Started: 100 Finished: 98
2025-03-17 15:34:00,087 INFO o.a.j.r.Summariser: Generar Resumen de Resultados =    993 in 00:01:41 =    9.8/s Avg:   279 Min:   205 Max:   784 Err:     0 (0.00%)
2025-03-17 15:34:00,652 INFO o.a.j.t.JMeterThread: Thread is done: Grupo de Hilos 1-99
2025-03-17 15:34:00,652 INFO o.a.j.t.JMeterThread: Thread finished: Grupo de Hilos 1-99
2025-03-17 15:34:01,246 INFO o.a.j.t.JMeterThread: Thread is done: Grupo de Hilos 1-100
2025-03-17 15:34:01,246 INFO o.a.j.t.JMeterThread: Thread finished: Grupo de Hilos 1-100
2025-03-17 15:34:01,247 INFO o.a.j.e.StandardJMeterEngine: Notifying test listeners of end of test
2025-03-17 15:34:01,248 INFO o.a.j.r.Summariser: Generar Resumen de Resultados +      7 in 00:00:01 =    6.0/s Avg:   254 Min:   223 Max:   292 Err:     0 (0.00%) Active: 0 Started: 100 Finished: 100
2025-03-17 15:34:01,248 INFO o.a.j.r.Summariser: Generar Resumen de Resultados =   1000 in 00:01:42 =    9.8/s Avg:   278 Min:   205 Max:   784 Err:     0 (0.00%)
2025-03-17 15:34:01,249 INFO o.a.j.g.u.JMeterMenuBar: setRunning(false, *local*)
